334296132
241267790
536086265
636840641
380136557
464736822
38017291
228212679
280342149
894953135
568232352
327917804
349321209
372878
221656730
678327223
882800974
608539465
495377585
983156103
918611874
616556747
995056758
629474774
866340933
705213698
95655941
773092045
954944348
377619712
409953153
401699875
601610912
116678222
364424753
471843764
971207677
54926644
180199215
890372867
985787425
622113610
287545807
743477475
954559745
865634511
964851549
601012071
959668199
546770768
216768746
345479746
397241497
846315173
180112533
715431084
519842292
595980994
943070299
169963719
591657373
133309651
594185408
582278739
708657127
98601586
310984285
890419424
54400111
351569211
404862985
16678077
209718328
162145095
852971083
543070398
431413893
122634482
943541815
223109444
993414306
317118656
482588120
575012160
756590731
712362437
769258331
655487737
182430461
582620583
807301965
793492462
443689874
69197203
107474690
735303468
471014544
902319723
578518994
752364226
471462563
664669154
966394929
302984790
887165729
851449926
112490758
84774655
381263089
432046289
39224417
915254165
524932967
239058290
663291643
558252007
678601321
815163061
616818728
206047754
482786120
114885529
386597459
424274086
955431234
283374303
370971380
656384106
304003094
875192411
535887374
862644219
736387243
539726219
144800923
555068748
946405920
202850722
882511201
272757843
252600083
411542125
783173309
388519307
452719994
106113498
712288491
952434825
12914978
146751647
387283944
305044148
618504735
271564206
942722779
267180860
778231685
718903922
548017249
981870824
768946337
110206741
267142691
372685596
212039041
445570593
296200003
360269169
909806606
211181854
451096477
116110352
235031838
363655646
723879759
432881383
859163572
213227900
112428751
723322633
363706906
295963342
48470408
125505712
749264480
974063910
462375212
248018538
101745224
468524959
723733661
850994742
13621627
16420866
595033586
792392196
880678100
131497438
418245294
627410352
208165705
973527456
608468952
383547269
979646149
357814217
435154828
964277608
165662372
371036871
143599430
425898445
957585990
870568298
282530545
558283369
451653744
378507257
51288924
810638489
662835225
589560948
267637772
1374179
372748425
584270018
260345993
276308671
832639183
249208375
869261504
117014236
461354201
510752707
951751133
562399236
295419526
306789998
382974777
247180316
733783427
520812968
470883385
851239310
327241021
965828045
722501605
704083390
914431786
549611813
532497568
383566954
378446553
565282378
408173004
177256627
871753228
324289443
531677616
845459483
181326975
830831135
167464524
276931448
449070281
708180038
112541217
575675985
757272212
737062448
122544140
588753092
994075096
543713216
859480062
353023338
705300714
432178580
608562826
617272628
806822850
605943289
649667808
368341305
941064965
612995035
905289911
410160169
317420993
883356324
410236961
508836079
356587080
541501919
86890335
297261056
679594461
478740417
447283428
150349755
183781396
52059759
441968548
30966514
267693668
475677148
253770273
679886226
232297693
392729627
467531894
888671636
853634985
836527443
898041253
8683275
483276701
345601099
992339834
606682376
365140347
167820067
174195469
734256747
549946436
185540257
860831271
343370230
494075030
649490196
273201002
821347255
53609088
17368559
987857154
404876960
391823451
544544000
791005432
464694429
11668167
400557092
179139715
733188367
543766324
412117663
671035650
134286922
935168443
892791264
402892262
243563213
679337258
478374499
792039755
491806750
692866305
203543851
921538718
194385592
961181816
245788605
295566020
568386420
937701469
314462840
776327132
282520971
836349497
794895666
406907950
923943195
201929465
985909206
878103006
144732406
774787915
160027417
906561777
730818187
281231863
723880095
343578396
151499403
206093961
698158163
365479494
970637322
178079770
707905583
262434726
148420218
622816220
800961739
935396776
372349213
385631218
695606023
654095521
35202056
580539181
629890918
494538020
225058434
959335376
21227947
955232764
794650911
590780021
407063950
325316257
559905078
529119042
67067290
962052088
843332888
888940936
814673482
35087078
728189775
832947919
608798156
666269625
665585028
518494794
83851802
989866026
957343255
172335749
529036062
585573675
700076501
785470786
668615611
218690003
889276287
129145011
853710118
807543562
380899607
290001444
87253583
475401075
501165173
494602919
941058671
62735148
90559792
906041118
460638278
789331662
370838454
774869079
677365554
434511924
403501175
129948359
853047323
960978383
347226580
561106630
774752979
149430510
24074713
230710564
495804675
320964082
511854759
615929952
25664999
549318832
238889492
69680110
874176198
560521631
789269685
938085584
904503911
456403065
137143716
840427814
858364571
373450893
648308229
641600391
990428606
810153511
359384424
325527050
151413219
889522424
46320778
542121149
337204361
100405833
464964509
33135772
326375801
898194773
753881656
201925562
810905012
788001792
491735690
170852799
958229384
317964018
587819994
881985950
871866498
788976787
64161946
366372717
616585705
709692098
216410916
899285719
658259204
419465528
823131568
20357454
17892184
205011339
254033289
448117274
865088865
527284204
183874056
652253431
439519414
53003725
315774826
339861890
527703783
465644202
450379547
546604637
903537579
174775975
866244977
174827398
711191343
490974907
601020090
241635859
505664195
600110441
586513407
954359997
541253199
606735363
555136433
690524527
973071280
638075942
563825296
468205383
149615627
87406326
805823561
529596385
362297847
350089565
25881519
418519695
112485123
472065842
391157236
320145749
925342784
556289539
809663638
24693239
183931305
983487187
239135940
609774535
559854669
623830516
433070108
771928844
975000365
405996435
612774503
967345203
247106249
893516085
107789957
864143653
515742051
984909514
359614234
104276553
835956413
66807663
742846325
194984789
387629752
273361861
923916243
642146061
245994173
145565487
22116131
415663789
478284108
705986252
549291560
55057223
614835583
562816420
31347891
523638444
69950630
265678196
257237054
54289621
179116455
851333724
507364541
925637248
167379952
991122522
154709371
368703552
284098863
307837841
685947156
430413185
788425410
221198163
581594887
906606437
224702729
405371002
466115295
443388114
571715086
234676457
224856194
370823780
304446618
699788743
50479707
609812967
940462901
155982515
909787388
233682453
366317780
194230934
489175273
419551970
624317613
337906891
425868085
868106759
859957082
630611950
464671771
308811311
657455251
883228183
199295640
278170232
346378077
172795210
657961068
320961445
855332500
411005248
673718623
9944169
507943065
901856089
638420024
610394204
47350250
443300851
732956437
495788889
739849502
82983719
762839824
300028423
323496755
797014039
403516782
652433098
956950830
650394921
675563303
941239271
458878856
117610280
678040554
624543075
163649860
152654230
958634379
770946692
946595136
82578266
855922488
144383636
714071566
266342031
490595553
436131819
390764238
361439768
701024604
559994988
524970240
542334866
787537424
723646789
799423373
260259515
431466734
692704976
741451075
571877769
787533590
310310004
260603376
732223053
749321523
40489980
279639961
40328275
284211466
461402726
325193719
762602401
844264605
155531361
419260603
711653099
983458528
744585711
423290820
59246575
584261690
793734541
376244512
271093730
585258855
492396410
831831507
898360805
178646176
122721512
74634113
888298583
580551444
911902574
866947170
469770324
849483783
668221481
841591016
5618016
331745274
934917280
754580930
340760093
272101905
162971303
689195341
151862526
479004579
149388798
45979413
808471200
909101280
341289155
847831204
181205908
266812643
444996779
897371229
488118415
865823742
796375892
580045512
286638152
713749082
477137756
11807925
898264108
599842441
230207698
838814043
797832738
896394601
654060978
454487362
259176367
208315178
561212129
889882729
265323330
477211404
177162672
179051976
422829778
232090766
516122380
696614666
311301162
640915654
524913004
877932061
29996404
524145006
114470157
439660068
478531024
210548899
664563692
5120096
786567091
33921100
41243613
471130010
820810639
957221525
502927829
936688738
806026918
904085108
472737153
316800915
184375274
230076821
836039831
595244526
817846805
458175479
466580058
643282279
159387884
990620385
671674780
602068846
994261058
942621426
854512544
496851463
112217998
348465282
267236696
625411578
146273529
896173419
616741865
680627663
858703991
987157558
675843181
189140938
218245914
565656248
847473847
711302405
765726714
908216727
981851458
34102976
786208914
230748021
663007324
183149275
13622471
285821725
256060179
977010329
421695898
83602281
757621202
123572190
784555875
778699914
22733059
81494338
805841656
873974288
579031277
554578287
31480311
881426110
270328697
547547468
64595861
890985268
609549654
133855564
973209688
651852551
163152511
764362561
627796209
90984886
331833571
184526799
900664806
373039557
539294359
500639496
131596960
800835041
180460937
306743905
344244380
816847640
111117770
499451679
650168299
53184559
276587538
296356664
23685099
387071135
720921609
631108926
413311302
419392952
826106583
255298591
898377131
794162156
875014572
566883541
891442084
852863762
508281894
475465403
636032586
614641737
404351839
60597709
232659159
476769951
121302701
25744167
421236303
579540543
669811798
187329532
932460140
120879886
653265304
507338545
792571415
349815117
870618056
624536018
328336756
149541771
550405676
541633933
997399646
33356855
325575951
666900841
505141319
648375604
964063614
705678041
916269766
14785804
156449816
432030998
769630747
753449958
616696616
318428588
367344190
114466276
119777675
674857667
591564573
814642820
657637051
28311637
249369232
284127809
993236874
677479319
79579510
424345887
109076505
282236171
861362037
609518730
468136494
488061245
344260205
736816883
67892582
441613802
104056498
672647154
887465370
615028445
829888445
880702430
927342079
234378149
124899927
795268406
82408852
955285449
654459640
579490889
205133663
717670286
78713067
681014606
543708825
265116653
459786230
319450063
662848128
127306680
40499367
2147801
164462164
642605018
187697726
348673470
694376573
151929527
149997512
433940733
124786492
201695191
26278487
897402508
261313122
124611290
379014048
532630625
608980434
820348892
438825991
489773540
624545001
306073467
410148500
385153676
618581447
636035602
645883307
12605510
785229079
671062474
170482328
485619081
379150291
487266631
330146767
656828284
44504473
22018877
451418294
897253474
865396738
53125879
805278565
624532181
868688016
220666521
726543664
418731199
325649631
700965324
673254294
573022233
48043650
487905950
56069672
109699423
776589741
124668466
678087913
954738674
50793334
222721377
82441396
175060222
483039186
857269401
579335479
766500482
698430084
32632098
431812698
112243196
512680942
752773827
543511073
356281317
173546440
449374782
763581450
676727260
514566580
779629255
57538130
219176863
480756783
457460841
302116288
593523428
59345988
74602510
185145284
843716972
536366031
702564409
236486772
567693259
204120391
492503847
798208740
430993085
875491890
747055063
554856856
751419102
977643245
165555659
33049934
603753868
413704161
563243026
27806952
996240959
15805588
301923472
635219810
812530691
620388967
423707480
26644161
764090107
438808211
922070532
652838221
961887408
661494842
656024304
359752745
321164802
253684914
542424333
774981000
286726702
424044585
444938059
310401565
293789857
248362868
985925114
891380009
353563933
578489929
218699220
982117715
144702592
327601811
408290798
782249539
686946876
147314586
9378827
457635151
622261677
707120072
16154849
857571098
626743047
619067499
82555346
252904346
200978331
461986146
507007847
525887319
993392331
269653125
651761252
535138564
951736476
649568282
846895639
399744325
282785178
740306457
470964860
662366137
537235014
273451155
315434911
102778729
831913260
978713020
867801106
377771697
243436623
580362180
692118168
305784976
522521647
389639572
353788118
309762751
525086095
195861060
40041714
869436436
63505869
848276155
807537482
467160692
579749830
295357106
671874052
667968185
403338141
827974926
577533518
404466444
599568499
199624794
578575920
976795406
522821435
749272883
167185286
856502904
329808221
592131461
558489599
307315835
689949945
746352980
597390571
135291305
277265818
107098552
306096001
623293452
745509168
991536534
936408363
584675365
546193156
220933398
353812115
402135485
390739970
441930436
967620743
688183865
314841109
603786719
501633346
469545611
366327295
180118591
448537516
697353376
422275837
944461571
886477123
462541947
560788224
371701974
391443375
985305836
513173210
497148613
98704851
121452975
232802611
922625809
418351204
684598362
397863950
334691165
965825111
337537641
536808528
506547037
460520558
733655276
280651073
110892200
774295778
563633608
117952323
599055381
356340908
949303474
505579799
846131755
907171645
987383207
426738013
954343886
559288118
608432382
980297309
604648511
635423098
716454212
396109847
237856109
281759723
141581531
519150134
414436966
469816778
748479855
664362704
913899299
939820166
986480238
800977415
658351745
21333794
32350169
582228377
345854353
944473389
289273629
740843304
536095144
577273626
27644315
645318793
766485265
202462876
328632934
194822727
338760586
995812158
246046743
502633800
765563714
789277120
638511994
682309586
676076335
438654202
240223527
134505400
647060222
396159418
155110064
412624492
550029073
903988273
331501803
109147269
182100782
555663296
4737758
887968177
795045389
593879673
648561121
983917915
105844456
52646093
27871356
435982958
19069547
654222303
233338642
141261819
278624664
373654345
118081158
137977080
178405271
598127995
293661060
947241588
564215526
948430795
921351812
34458999
430181567
495404498
605666179
604042265
463551963
592710830
772854957
562477754
344302218
61604980
414463787
533924127
731376858
854272797
476539075
256459344
991296185
790693646
975932036
348139387
599936011
616790892
351278202
449313958
658870127
757081116
728071154
519148712
413164877
322292104
212627420
248678870
186119355
492675746
505535050
252428593
226809083
249322923
668965853
394964100
628494149
468330720
213300750
916828701
34403176
461126424
481284221
316687616
788951230
201231610
780432020
460366460
251340194
641095901
756845863
794459292
842541390
788905844
768063164
978708402
542012789
498735136
159725644
546735675
364272262
787442610
349186070
632356761
75107182
255071551
740486715
149735834
987662439
55613702
580654282
270692744
648381368
88548523
724274410
84747690
389628295
727486635
680916891
34891594
812554230
476558889
307095309
141120968
721050086
560203321
198498466
665630177
305889392
95216590
576919994
457958148
605666791
616814009
446500555
970963297
956450908
121864366
537076938
105108714
511694130
108758759
780976569
904168638
408098333
854849115
225457062
646565663
833458944
355450427
509103413
567629458
826753782
274116203
950897812
575879768
645751439
607105807
232190750
399225212
748974741
169966573
787330836
44092138
85118218
473592637
275129150
913268485
21211817
292641756
427375155
393104916
819435244
358385718
95689620
732176014
319926467
661976910
320615199
124201990
551802066
853922197
309512333
153552943
95486467
566946972
692963779
278802296
632694184
381925632
165498828
604910879
828907991
573006365
709033291
624027690
1259507
328109372
47362988
598776104
943289829
96018017
420186077
843150749
298609926
607482919
694120400
463690688
495564756
495204654
521721455
25681807
766898281
150745269
47920101
575024314
486100008
544049209
966954255
437122878
750462862
750694763
956503657
727993932
526637736
370516117
734982138
510650669
696941232
624065231
601397064
280956142
747139907
906380372
473004400
939091159
158757110
141321195
693282870
295709469
125247245
356761856
400618699
329002490
160157213
427475692
750430205
73987012
89762495
380485691
942210116
550166380
195926343
533317145
589290642
72493554
98151947
496266843
500206915
383094373
494300910
552357422
315032130
205813497
560722982
668526532
988003683
125177872
343243529
275450245
33138770
762069649
255935485
623365769
225628489
968528985
362494718
412275265
632376568
503713151
245634716
357328558
769097370
434919002
166497330
926207452
996074965
29652202
764379777
128873194
819032328
112888013
779545566
36358071
795654250
6284000
725929086
921387833
130371160
463652778
670151689
851176108
579516596
354846011
501080618
259524410
311043418
462350675
49586477
16095764
611499340
646358597
659871190
756117616
409755511
514571803
854668313
635422657
31160387
932541710
388597991
577100826
213168546
148362125
801221892
322833223
439843230
947016313
799133604
792594561
542530767
372933607
601843979
728218721
437630124
242466854
919551645
442352840
542952037
872029305
193303861
883155102
380009132
569605638
338008026
715981153
509278799
968977271
119038959
343671272
615310583
811235016
901990297
261238482
440383689
424441790
125433907
852579939
126442513
146181180
640752099
927272151
283488610
636370822
994686993
732061450
533969988
153216996
115488301
986858707
725640163
617605922
149682668
355491399
723860902
966495834
604689703
104860541
767393143
312146013
301110430
166599749
941326641
854976050
836233943
155864826
119608641
380131192
742534479
6427133
659617474
39478699
20941528
931380460
428463625
147839194
881436118
756612677
51383381
996517878
553284502
628036092
947535315
828565533
594521312
561005166
156622326
100442716
551687843
309515917
397168047
359494443
492448903
241304108
875619404
274044650
306977725
52553526
378393859
835214759
860573528
425420819
169574298
144569509
409461979
333280881
238798655
775194034
127942994
108573736
223861986
996806148
421739638
890127496
216836052
566552049
342698986
424770043
332194117
735393379
206869448
499656466
985676326
823752409
594000528
870000501
116535291
951159473
706592989
345751836
344421640
470671300
490330576
778514739
152220297
474763606
497310457
714854968
345922496
589780777
949723010
152063086
542250159
525997277
47645956
348689337
598486824
171699948
29717559
621878527
968965865
567674775
423928589
902699904
805610776
1497346
541941357
676203583
8201321
845567714
577300625
263197127
58916515
640250188
395695952
634799315
361508187
353300289
558683202
428535720
199032922
712923651
621042641
488379006
766682652
720627051
861560123
678226102
834910831
844341951
98540853
441412240
780921957
435256730
526585950
752763430
17437106
233886802
309713693
563311778
556048071
678664946
805788655
28714649
304690443
281653891
778075549
824215960
281178384
249872240
243024266
243219073
581443835
949058204
410391606
618080983
271207103
762047784
245377989
947908466
358759488
294812733
289383394
928089535
252341881
542533003
80108065
483297926
83423646
300952594
996983955
8909083
146594884
318614821
381746115
551137953
152549770
706248466
646676880
335528651
867789095
582326060
341489122
18134078
251661351
32691586
120359040
107754303
351608286
319185567
381587846
867859843
768851265
735562860
628911256
765053107
385988266
900129512
116181326
639039767
484244760
557465081
931801556
144390766
980884303
882555424
78819217
988490125
962050302
946066329
140544763
602155488
422064146
592709371
878865690
151537655
151116894
632208661
320084901
335857992
777344008
490124412
858087071
528812515
682654677
790963222
23905799
261471677
448296797
408691319
343820279
587689759
865739937
868578835
927947600
763551980
417316906
487851934
585181756
121636537
491167853
256892193
816548687
270799082
174055312
530911842
283827963
553886896
728353415
947071729
66377395
877547131
444659757
950097920
117688042
727945153
668925745
868445393
784089307
516137516
952952671
680276276
89778947
545026281
114716161
693575765
947798945
272743686
955583603
517958794
391212005
829071681
646970517
607996096
421121667
203784697
519985089
110838858
967698907
126739178
827746895
843790571
865943775
291537041
608530782
465863561
388699987
548095993
434139368
671603983
920993153
260930169
386646633
187811288
536226844
180909271
746012663
751542171
191061894
829749149
597417860
222920338
681639924
502677439
732507187
810064910
165585922
984995830
386972425
309070519
485413806
738077599
371590717
715099711
122059913
214402614
404721453
299209602
660578324
529406043
82964001
995975156
958071577
19482201
200605751
688911600
183867810
272720881
589247162
269683079
362919658
829293718
709703643
548053984
295315126
361012384
354517213
181496746
241713138
101533856
470022148
82163548
82978595
29818520
916583026
311220848
870850184
600235575
353861929
388178194
645899462
325396032
777361385
3788091
260079360
343660979
337337542
655297912
563726822
810831522
425695295
633289420
802718662
536152101
726873755
862166836
195479694
696283379
877779219
852914736
306103629
507059504
403147398
802477768
389350128
971099782
439365844
347346549
448706090
462659411
96867713
142348370
259556532
227639393
860077966
232839796
140094917
764365712
146219329
785069293
475299126
87563873
451202767
640627551
444567381
987445072
656751065
195984947
398636245
784242680
644875434
377816745
867507124
461267882
734702027
278770238
290329965
130631771
995187932
650373632
979493444
665378809
103428857
180478086
598218649
987550824
914913786
359135678
191947092
8171015
279251429
158295932
927567775
839402496
861480828
426919880
411253216
791514486
834942623
564470210
927907994
569540680
254085597
817693225
197120864
739716157
512744874
948545533
745527969
898059472
867398159
538774814
862573246
148638635
195524624
533883840
610509908
245515120
16999488
189042585
898096883
140772055
698472551
115915639
215121627
328813213
453454718
754911843
736196054
889660596
470045827
385930633
596882660
147418903
147589599
343340132
956438951
426962622
702847505
165659701
682921653
797232121
968118228
555889758
957502686
434900618
166653938
645800447
895191545
851383631
683681870
646379022
95125301
411337881
222296555
855748430
655818861
67256232
285470229
661350437
485611041
486594615
471185873
882056936
876017998
628009858
549319536
465824447
681207496
526787816
682098303
870771363
561466889
773219440
597156673
818747141
776506613
377555426
910096777
960618385
773830427
93466920
451234403
772753100
234171696
735774840
647743135
745297547
277151722
559307996
907824751
708677035
92343460
67093619
136478335
643000245
368194022
572712905
548986216
416237578
76508407
252587834
182872058
914266565
103873347
649118527
834752027
500717162
557331616
12215207
269008100
379274367
193629219
327108149
132801389
369679552
878625133
722654494
846188804
832090000
290210876
454378595
209384984
961124114
38407979
276732846
887149992
727837940
381254979
134494572
427478259
879357366
663729292
718543610
553485278
332089172
621078390
843415946
469747974
224460882
47325878
656983060
234248562
28929901
70452243
387616745
435717883
466791301
586407948
513590623
289183327
847602946
972754835
107012879
825201456
160657374
210396052
446651550
178655469
10347574
392736773
298546561
379869620
199635699
76718961
778088657
218757107
250541479
650145059
992244946
8065112
163457178
47686049
982301856
149795441
567029893
225518761
820452849
685706674
984487859
832128852
94420745
837205993
174145914
74259273
295136416
429685310
654046384
902738265
458204714
100506861
126096582
632026008
893866367
771749932
42186226
84102477
262502845
437318415
833527502
477943788
451301034
314154576
767689423
819371421
76050415
19554649
675858230
304980376
282105614
753000391
363401620
51460666
399156381
145295729
959887881
35151346
785703170
759936772
711621506
504385947
628443014
992615921
702184818
35593979
705293013
429167411
791478065
928169595
573791747
667955591
593391812
529111755
297813894
469099464
802759153
319660405
524098951
129124249
501682819
178602631
565970404
250311311
950016419
975302097
311432230
691859217
467769630
547186323
736454059
527684503
517191848
945989831
226738345
513159365
812273439
286804632
6634861
610183422
959060961
274897013
902429778
679427596
553106672
535527692
339249159
760777551
686649518
576035460
756735846
312645545
459200172
838542982
984803383
883459531
241448111
950218173
428823408
379291745
588498727
403613918
256149164
614978525
357552353
893237973
788282983
400129620
289153887
173241181
141024919
356509088
548617240
605197554
550417373
356741375
555235133
958245947
19255971
438514679
78338266
531734202
992830457
528229158
774894579
945860590
742557252
289435944
585136656
154748477
289335745
687831217
572936338
263177563
933765636
314881563
2106721
681167500
961099214
495475755
16412190
741876101
182686234
741853254
820936498
401438805
944021597
447988670
316980228
152500578
400901700
574385712
212523152
590930661
38726700
155499449
914985150
329560409
19331423
775697097
221714351
5280984
905541611
41305926
218527189
187003902
121266148
296917157
975089989
97123638
164438228
204267210
879776431
817888881
350630751
871411131
721808639
990879319
612441609
416373098
588854339
471065777
650646747
881268422
399833977
304599747
121116312
183484616
45256230
774396270
747121044
139181500
37950775
825449133
786095605
242464799
20753813
307679647
847610078
520531971
342888863
101182502
313708433
363395035
467890033
273470884
123303027
160041649
26216569
595420879
40755601
990830805
169737408
981695725
791939275
497952748
181774331
630247285
649895189
134233453
427507584
299407578
608921510
788047956
444768078
267976227
249321649
532686026
302241835
984471051
57309142
816867975
145462949
196105189
915903681
461762295
581077059
597350860
351817202
888517121
965898189
724138657
247188520
164416410
714051488
445221232
328324678
854189243
88781858
252071284
161622504
890740074
296633696
556860746
529132377
504933114
423209327
80389564
345025761
439013808
958217955
745353745
202915186
417456914
469680748
461232691
961630968
162878433
240599247
217080339
254767680
458130101
612064169
824115608
683042465
135096756
73415147
254388690
83217126
569853585
151661810
923551068
930842265
654578183
839706156
329278347
784413672
605564147
173422977
808879662
125371849
619209424
692433085
816966902
76371878
160294607
10856214
77492513
303208133
682041841
707570733
883449756
738276634
996852251
922685146
292171261
67794930
311344532
622144139
888784179
919408773
518299310
496678127
780364127
646538473
894558717
120610034
563902303
944711022
749132922
699858811
471142121
872800740
847269283
730989583
870106398
962429427
352761775
669223278
542596808
463574443
636159777
869998647
53673498
197465610
519604243
80384263
118722863
31087463
206117066
351045497
637248453
676469380
73694974
522861341
869018219
916209511
980215775
158537297
765039051
282256944
869697824
548001850
545022437
601978797
789988242
952727075
421360379
240141262
236747524
74549218
76569280
489756163
513496921
836800209
201115406
899663683
610428228
626318030
562221097
857704762
632495474
534511228
368658688
225062869
657893398
775398715
236109838
972043657
983778649
397157944
574713020
953296095
381819231
341644661
307003101
755468096
872600302
281181954
400488784
777797062
406607879
254313650
248024519
50341012
363922209
156455704
127338660
562389005
688215718
33389797
681052317
158957145
574366156
146592745
763732101
473384871
656182155
328077884
590509098
298007505
464916477
116717241
404609608
623369246
807911391
108030610
424417492
771580316
355722127
44104652
382662486
184439318
428731334
155830219
888785391
420301606
684482578
11057299
785349782
577471309
130965116
416730577
968087251
164906862
933020663
434190627
349074607
299802589
185533628
90451982
764742519
635343974
458941971
879765186
637033638
515535910
431678882
476075928
106288368
972135994
946506855
184714812
803124173
367180937
977683926
414506712
994312184
746737847
400638619
445934504
18152842
40295636
141688078
182074449
817534553
19857565
185202752
941186176
191065571
200277598
257450491
82865775
570126757
81988427
904959505
577620348
217097373
164268429
194043149
710928183
502776873
974571317
106406882
536586182
472146784
974974200
290657073
578926338
398282819
900814071
251381308
322722432
959219121
700581231
647310026
626000348
99215779
283518226
652164778
338601200
235731908
698241904
132273265
211247612
696806697
495031400
422956083
858002385
197446540
866762169
169014334
471810472
779562730
143929984
532722049
786277033
624721005
496239431
657488688
712989600
924377847
49787341
419840105
473921237
229558526
722114331
284869691
572175140
930057550
738260597
350211453
45399903
218104593
776797324
446344221
630379951
26679124
283711231
913484451
664522923
169737105
251781852
263144095
786196101
953952726
355236661
409026693
896825933
208174827
341424593
92704295
416496483
604305852
557754155
814558337
959586105
916198019
222869168
202691927
866656908
454126651
751717711
5310317
236431107
580556719
542805089
105188645
460633138
539565959
879112367
763946802
524567180
346858730
259038735
278930682
646026755
290894655
691726570
735674024
901798283
334486184
335427522
565659019
32759957
199806673
508934189
439819636
75034219
37695416
525738049
822040445
547304877
950076033
261123105
615818491
85938858
393495524
256910381
373661455
219776949
117348941
994642703
627768596
280724563
105468174
293595749
475153457
188486895
386735468
106693926
652643005
383595761
366893900
909075301
582539680
103387145
594370359
593876200
836360235
968194025
351290706
378710554
464938564
130018550
338466124
560579620
10250132
601515709
558831981
767662857
370786418
5614628
463368360
455082069
485076734
697008562
466665310
996069093
736409578
267478536
413239939
968247732
547482284
591259496
498226798
569594968
339834818
519234636
223169584
763642170
857506419
875095315
471116226
997513774
578472171
337702861
879819006
764581505
119525987
865875971
551257739
796192461
980033398
674223663
636223700
718245323
658381076
222362703
5582362
430462607
558415836
609541277
950261748
533085590
169269358
756685227
768073132
829257240
895852577
820134564
963624731
281048931
81286528
27537979
487144073
77904249
57615344
53232323
815450351
114311179
211890371
10193959
46582039
399592815
994397041
307668669
111527221
379019267
224885068
487098387
716597766
587996845
978483351
217296220
43985212
994084342
471433237
211101047
945507745
750477611
287569942
802731909
600587995
911662524
540200897
824819367
278959133
596973066
658369273
428633601
158482581
117582553
659783762
79924414
285375580
253574639
208172821
105010609
24681725
364347798
602772856
839649533
959417509
267094520
936427434
906988842
571202783
621438955
990124663
70157538
642798837
472200537
419686514
639123100
826237760
420418691
277502074
799753601
76581722
642460753
772542396
198438697
769955733
556066429
664289413
741850421
611244591
561232961
386415598
153478059
339274924
798480169
123268534
398719599
312397603
996160134
283516036
500728411
428478412
303605189
575642834
636760049
194500415
929227557
920179013
940779940
594371570
976657965
513784730
562780744
689024582
295075146
204535888
216795388
96540304
861689201
525548596
219525616
881852314
112181880
492239024
132911218
985763679
402161059
263431112
297812699
873762682
815531597
503068099
488249615
286355789
361460571
633102924
992682023
52075415
646737100
10344002
312455105
416757032
76883990
597149314
63217271
195803317
906334454
576614756
358687570
894202686
979622283
820347820
818039353
396109390
969119114
811706020
140420562
319946186
916122879
710430519
671900915
603637297
522536015
210882731
575592866
648596528
929645131
327382507
820653704
557638063
565300506
36719902
523596916
167789677
353697958
472596834
34763979
822447000
360822222
748305503
750298591
250285645
600814978
668830610
934158484
332629982
359601689
932022554
428235171
166062909
92636250
421538032
205863517
157670914
153118192
734341789
866104124
504348918
750938986
454614724
223940912
99380573
668456692
475847383
134058942
836611554
277730075
570235347
686389682
617678287
105785333
678608722
396809416
122906314
791483408
625375814
202186287
699803864
912581609
790353480
16341033
174315181
569294490
350050205
612194171
455287785
350965810
538001632
949734676
921077056
609631895
272063030
553913239
30290620
812774248
739503939
922431541
906628211
391588301
81254943
769812782
120464906
178902662
816190892
617349810
540198755
26539959
186820229
855093963
754050322
275680370
342562374
157592054
58745960
491565468
353571129
939711815
15178630
769750706
209480997
288530952
111923046
551302138
944280380
34418257
661898835
625513208
246816093
836751570
781202071
75878162
262067709
472755153
736535917
641706344
55882468
14567785
134555645
769944873
588687839
736674401
199596364
581304507
510847022
280413744
761771567
561440249
394605353
779202666
926164813
189318734
536070689
771018147
531811069
550561082
862743048
119025022
395792900
231525225
275469747
171933022
292819427
304284953
574513043
2388903
568076434
834746533
858473138
521764220
694848841
296731533
407587902
762263877
401155471
240594250
508296789
424797167
742877972
844754361
236350572
655965177
438201972
125009177
701967037
895604157
798836894
772845496
403732265
544187590
560677417
171628448
341011222
42810434
771160579
170018522
759778082
244967964
898056285
361009137
228210973
13924148
573525390
406616139
481020500
968696033
543335423
227684639
379383747
807867775
490844572
948085297
513115001
251230492
372846034
464225669
139958660
265833021
603478719
549325899
797167731
76772496
373249769
562451194
923967417
74330529
649277575
496198443
793008697
649540083
29592334
21845797
795732499
983415211
572839458
133808616
153246999
379662841
295548172
184792386
204373877
862203800
330725965
897823798
413490065
409021894
29770070
200585920
697267743
777166604
1640443
271920680
665870478
87749156
561355660
186096005
197065519
292986358
606522874
691210664
34664114
963218910
942043590
317837258
100251267
826080549
737685791
788666702
540408039
504259761
263010093
367078090
115551771
423782933
210024511
172609430
70381654
690331722
556435305
864980306
647887165
902809101
166385203
461179752
287822165
205296688
40004228
683036443
255374414
933241868
947987113
711514351
758328521
173730740
62520572
933642749
941795773
886137836
163962248
348826532
77438902
152864145
583796521
139488512
363453478
182216772
498382737
730312619
868090365
586525778
702233138
468063195
484676803
385191931
754029458
801816617
834051104
899553263
98199370
157270517
756060632
764936054
321032810
927278205
140607107
564139567
582486732
726283358
826774106
67534884
228321072
883777837
830471641
480677474
872912892
515530695
841821550
822740454
176460417
833127245
838879843
893311285
850052137
377292724
180022800
668166891
551628766
190734093
823259825
947250165
483619490
587675971
171259337
205927733
64607009
214195167
857755570
698541947
501441453
856365220
497681132
128607469
684246154
262110875
254919865
880937639
514572696
600237542
680050680
845588445
290616586
294711292
572842988
839715371
255494453
663764708
392979208
757316955
551240952
848417248
871952190
893918155
965900293
182009371
895706028
101688121
750394494
846773012
329530326
774647870
940193987
647765473
858791262
574139552
656012594
479388746
25420053
214948191
958670238
32141144
329566131
594700567
405376000
320957611
960308842
776284011
988925108
154387340
594355530
309540441
613529254
884864020
878748242
7982688
192889041
874953904
857523729
796641186
399049353
533867500
745028591
227704628
841126456
995308561
330342700
496934838
882550413
320785580
73103865
554490854
209163463
80285860
102934895
933398112
552763245
299640361
868069747
348251204
88228695
448833598
904108474
113942868
835242850
894527732
949136778
899468021
486393448
647156620
948051438
187177241
226373485
794743689
634886534
526577935
121690525
951970680
447693948
325950101
973303653
522146240
425037926
27409180
883919466
47078812
274562432
852024135
626760412
31290882
294119997
969753540
506191341
904757855
341042654
558564264
466982802
824010227
813516973
171055194
326845853
583822015
976424686
585036804
44615056
36598817
951707483
953161403
264541145
562422131
57293830
424816531
638271250
853010443
660491974
117177178
643701669
957030799
330042867
367829644
671182909
170662788
794459597
897751625
491496047
94534258
723102423
248599032
310789446
599342880
299763468
865698559
216348475
618641750
322406494
235924917
128740154
387003934
228305273
809094664
198645766
14957348
657513211
672797647
582306201
353333217
632608390
722341891
28452925
588438304
531013371
847529210
329370784
825563726
882806036
888364060
551018992
66491126
117756009
469531595
49417998
875622145
79762131
186189329
264712242
141678688
222690215
819974519
126072434
818378896
715411297
255041636
604520603
224735558
80096691
584387250
16070546
375553331
526578617
443570934
32677459
309495336
462430057
72224217
928684829
816037816
161152169
78687421
894631698
602450043
218691076
770430349
412001302
13734867
533729569
438325857
768118993
515510224
687677595
214474594
971001634
345788927
894025564
71533877
538112076
561234405
162370015
624217511
388352275
359570413
855822191
410917163
539801380
646432377
80230763
468304275
226986101
562343697
55470245
582906985
89870156
365462032
618393960
497581872
500228999
229752591
770665300
859503005
492269266
785038870
616985087
540977006
449403405
603933925
495410323
196301289
72825812
809292437
655392578
512818507
860225483
798311648
546388532
925262191
735105246
811969492
307195011
901197654
8125641
959294868
635932363
821136540
18068450
318286445
150146624
53392620
395612581
1358233
71347072
304035748
901035136
826010469
955398663
151050017
17129083
729904202
882322765
152826977
162610360
379643742
209332127
493808970
963473662
187978279
587995901
408286057
141036175
283139944
194610929
907436052
113948875
588971325
445920496
86414037
159236209
76406514
608264651
211488765
828269861
356100107
723065497
476446529
351379388
846159709
655676657
786671530
46293378
965681292
932252444
235338512
590625585
62330464
822956413
893757690
592987739
711284540
691587952
929097722
383277504
466467717
886338877
539164773
921188671
821036190
850509853
611967160
311154945
380906268
833807043
821450707
406933804
971448332
561626876
124886965
688165866
747030770
729846360
163372721
236305007
325217782
876882863
679576398
124056642
747506018
171424025
141731120
502530887
470481082
178689121
351669391
688697507
441590294
425786133
16629033
875636164
343227130
763081967
14135096
811483223
82023393
252214970
507630296
456851933
280054501
467859501
924585178
248595284
40354597
585017382
319994155
690296031
324283739
854129894
584478489
506248249
738726806
200984041
14946208
605277091
56714259
538376187
434004616
237724019
409210586
168799976
201256669
189904093
387827370
799659119
516420646
833928881
64403869
549135448
669069057
261711496
180233324
856511940
230522892
177982931
170230738
781890109
741877266
227224612
544749722
474722423
710658618
714648131
958757558
543362693
793268333
763632953
232231993
44170953
972759001
460166804
187192663
873351224
464704461
220226618
575783437
449236073
398386274
479414734
793625496
743785710
958478803
145747023
607332877
759135530
88183348
697198242
741813890
269457838
455914977
569863585
410381152
265410905
259175356
162387320
305748018
569270707
666773418
941554711
621161490
905526373
276597484
905820603
153905001
620543257
155499588
505348147
582724839
194154944
243887047
953881420
828946373
302504001
506055013
550175960
462047406
656812476
437988986
284477559
562857486
724571399
577854871
795594551
939865063
991289018
668467143
400699439
954757233
33326272
850508971
553366857
53076553
695363715
393971741
717549852
764558346
361896852
444825300
792309009
332944211
642126843
825728599
754917816
204308713
642300294
137413582
461642372
526930433
664688387
426777650
230652899
297265123
363099078
563248462
244994537
755903242
785600976
950027096
802233564
981511876
397111613
823182764
553027340
646314813
778872061
803912189
479215298
213546712
61105809
748668993
674082213
576119181
290953900
108243791
35932296
198007249
622619552
422946235
368039487
508169721
699910773
629014061
652501690
836946547
59295622
674749963
944942535
570204719
837347111
339561117
751140979
213507792
660744785
387296959
617769104
297753433
338596144
278336906
548703384
977425715
111906503
586338990
724653493
100112132
122911891
181514505
86713430
866505510
920963320
708326652
138058137
219635795
843614456
269657899
39119326
546666868
73681350
819909946
575506517
251071737
304041875
155483724
420941534
177222318
51498925
396667317
51562158
138507509
683589105
959250687
543226919
169276094
187118921
481752807
988598964
947927000
477043570
562408466
97053153
269891994
70126139
542289768
349251041
620662794
73671418
2299909
558374559
491653362
959766428
4610954
386318735
315436719
387955775
608107989
193054415
18723872
251628067
63178731
169377702
708285620
238312403
672033110
136887685
793366002
332613561
649163090
228772913
96271366
802944651
413004237
250378524
383343774
577161732
243841368
619807818
603229477
651191358
201070947
873444638
364275349
262430814
678738367
518552394
951947848
95714518
854949724
686806719
162957496
745033116
990550329
205813214
215259776
504146109
694345873
341143068
233077535
220810238
133813851
587124787
641325822
80418134
492361653
17894204
79518970
530209961
526858967
653334524
936357509
50860570
165182720
64928804
78996150
435969306
952502360
834428906
15949078
488323577
391395226
851456694
106402084
401772390
55365903
893090792
578641695
256846837
5573010
652544045
447124428
952332306
984988503
220661093
939423434
275045884
534264542
306993654
362338642
181894018
698708967
531061178
312184956
482969117
985446856
877529062
676255787
425555473
167740173
29875477
946233771
354015598
187004512
66796210
873657451
771607766
802142994
165457447
195419806
681685478
779237479
907771322
108156501
547396562
10674703
987441980
444159271
620660794
214540099
64094253
763361812
661099978
108532212
826873372
584200291
301584381
344460815
388332439
974950761
850111121
741683598
451103437
304966689
303964383
727758593
868395163
120536152
156075787
91236088
125622219
70082797
451964644
577444313
930162514
559580171
157554624
859375272
824147015
420467502
886179296
258350552
606477477
787996712
75236623
527447296
442748693
58336912
517866796
423214111
62967175
235103666
829221318
715943390
328281930
53126420
447828980
227610559
298821923
822254383
18703657
195198830
947947564
552983677
368179626
297565483
988166334
535558182
571833597
965337502
442361479
240411376
765634619
894920189
391290468
514886680
573233694
681511065
877875674
418908128
169462939
422139817
740495790
706623955
308697830
897961855
645055220
876757440
749499145
302223217
24751673
229288062
110450929
773771536
944424082
331086933
81934285
687127859
910338222
624612755
778773393
350240421
586268640
332568538
692143385
995699056
855382521
634066731
46125732
154292204
938421261
572302000
581461194
816580334
582655079
688882638
994160562
348594192
761232147
161560118
141996345
950818234
450973500
623036295
840963448
939413094
385390622
412010657
72997119
572209489
272005748
348373321
788366363
702747956
350814516
857200059
817981742
36732147
109997696
245129123
529185177
6481642
26909351
484401222
227741687
551628418
569018650
887888750
852041434
601874368
612377346
314482384
812755688
191402042
922190225
303199021
334495817
338811243
495306239
540321005
23513280
612495005
199827353
72006132
502966151
802604436
585322947
934600217
694474509
688765679
646914437
735720373
513025195
65408235
230406200
460390449
194408843
639598882
38679311
997272307
583653708
312484357
985318273
479593425
257570407
584385700
826175023
37871243
722010620
407933231
291022357
390076036
712169301
180236391
666398144
788751163
269968374
477808819
312773017
607340735
244518670
705813610
686242090
666937678
718980893
556099022
386796427
198394515
815883567
95710336
215076302
984235517
751891599
520149802
672055488
756864681
737739258
228508280
292098633
754618484
613536069
721960207
475580353
365351492
937290301
965175368
891935341
476800906
804966255
938407269
51526844
50292893
220723847
413082668
386474806
40480569
184767918
989408750
628344684
309278827
447828288
111563352
751289063
503137086
150499546
915929662
264543889
337669735
570392740
598950951
697652398
858343739
393641967
238379520
419867473
806127643
791123590
302426700
225151994
284157214
141553866
588125744
152505280
129528305
337052669
175130318
226078054
600335230
451079770
658038707
888302665
191711690
850286103
86849072
21348728
983576192
530563864
563335904
82255125
471172296
599517416
156861624
975099909
569030976
578084045
699716180
613929987
232672492
823564248
450008949
644234622
256329755
933438289
377903047
878940902
205363658
337401983
866244485
760203301
246840167
810844795
843906901
523764738
336511337
667385139
68051633
87514072
435822779
237427395
102811641
478162861
791005178
401851445
107778846
760849746
983168630
990997739
163391946
936339242
860653011
956402776
634767730
903035079
421389038
347257441
954382834
299341806
235596357
263120457
927229928
401571528
46838239
692415249
56694067
418412777
756903161
510711451
126615299
437918756
450124295
218965311
578345656
602494010
835132013
157094211
428441133
872321468
903349040
987313807
229083210
857067639
750679410
295879037
966258709
686178050
208491087
52038949
662737651
826560936
755777511
231962904
414140743
426551546
775182106
47024682
485067598
59447707
675100235
89205592
190093791
467494620
317109665
639031046
116063697
333746690
926336098
678262819
539860236
525234246
969228649
786548507
74910249
603371184
23921276
622397217
939981343
913653852
563097977
4083339
134258324
668813265
752720296
339073121
389651694
335919982
249024857
928532458
909611383
327424426
538632210
986238548
436074677
704928946
293213962
787490716
830709989
833098346
364690894
655132027
975842872
750013543
193557618
60587560
636017111
596731100
648525309
805923733
318565762
807945105
767095578
117624878
521195724
629615548
741984003
578250752
143147093
722890416
161308976
813945994
646465393
892981806
968229155
86817284
669562696
429197760
145959161
127524747
248419481
619506089
6615664
139475702
179995866
371434181
205847307
315238801
773675290
297701115
254203098
340798402
661133175
448232160
823692600
441025851
520663854
33096208
501177171
128674764
919771745
878504707
150017558
657902644
7276550
653796228
679099181
901033301
757726946
722799041
689538668
793642338
322856217
665261214
212953067
128811589
6025684
789510834
807840246
815170921
563177304
955009869
917545802
353414309
596248138
465681312
787240943
783124183
340335093
991622244
967946548
530872072
112014332
966213028
731692346
780731114
587958345
997061995
890890740
161927393
383547481
919382458
572085553
164474313
25755524
719319451
852742258
808834877
643975038
305653808
570246103
789008393
539485208
228898487
267833508
631975732
233716459
775609973
780541815
23533232
60372656
900054759
414345307
670177173
596260555
89828216
250534452
872038912
771858614
637261000
883970423
408916915
217224046
178126073
966864688
454323290
532557860
97868222
207431474
871987811
481607476
356174668
15841543
767801228
74082665
546191901
454780072
807454686
578914078
376642601
346805834
198253609
259646463
956285009
811862794
819794823
931207070
84764866
899523280
219563069
515434047
517180533
506201680
134627586
331609401
41750849
635093338
485772580
227633318
879609399
301106172
826287620
675181467
407629526
546425040
86996053
556928080
950742847
420284455
912647947
781841747
221835998
170120775
430251761
348355737
495541089
315522121
801192902
83471329
882996171
44950985
881253712
755430486
105131705
133160576
963363925
1749217
470854197
993885565
903578616
32627146
604929353
854602015
967544861
926619619
568483377
413321967
732668091
218107224
107609517
611661104
463853987
249240
161550761
506109911
989260201
468954098
978735628
803133084
922087955
187642572
555068571
35241952
422168959
785353152
5432498
933475991
447761143
343383107
222181868
620698954
690036026
86361857
264496714
753649097
948014812
142327157
298504752
340693042
708945514
631051673
591128759
349726730
968873572
56444744
671244129
986832735
147952197
949434435
703565856
865897740
622854217
425413660
595620402
383793880
438030298
967059866
169637140
887042874
14472135
666306984
51195402
711300923
602572700
373651056
326360093
395773003
823076898
641619899
902241308
879318057
825609826
548914538
673285969
199285556
219138485
529278958
210568527
731435019
217663963
118643839
170768687
216525111
424284378
1512991
35801789
678275540
685554562
397011646
195167528
551592306
985606977
284360193
565534661
792754541
73066886
232957685
962863939
513909842
257789750
611048198
926229887
751293791
305823895
992457839
226224897
399705631
11640209
434595554
775347992
663507534
471876911
660538951
842405625
666739943
948191851
714125032
234320271
281155831
18244891
749143311
197088133
318491938
644741618
928680759
588777018
314606048
920136214
223770936
435057959
430882531
881686036
835271818
178602966
810344457
169972499
234846614
642975812
125307358
147801598
926283849
390607302
715619345
662941437
645647433
531808078
994589008
300702176
601986287
710877020
466909444
191104224
744616780
871466182
896716239
206502906
444515730
293738496
734130424
783202965
782794212
137133810
102047030
159951866
805650358
362627466
553429547
560445787
668912727
504934665
376410934
471419347
276029179
583498524
895058537
211049368
5802384
600213698
903762671
596363469
805595805
901389221
222407688
657692000
682451319
684351402
659483950
675308134
333645250
571071026
180287001
710378662
387248101
540172152
160924715
527832687
130869022
654460283
167099347
343480307
44826891
688474465
349776050
455642409
854823056
531213195
476015622
900829674
137654598
344752882
637184898
261719571
283044998
559873859
852226039
930344796
560179288
163477909
530944553
961699525
689066444
586732415
551226069
201784424
548843808
482344074
572822279
799385627
519184261
766438903
862673442
846125971
277873324
619974918
135365436
252049525
101176076
666594801
265810929
740465663
743646951
694892261
447678431
520938251
325441032
564156719
61118761
152472868
583768594
655281139
370233507
875353888
24893013
343410111
833008668
60590381
294378416
311345915
895568219
190781070
209696029
533977570
508379389
403870753
259840582
830219367
928772226
852133626
93959710
578333331
981427701
507614107
502043386
771042345
265442036
375356877
620568066
90731093
427255112
654448193
470869885
421379096
836549239
857330831
790431817
865805068
193995053
639183580
702992499
887356194
166094575
75617236
600923416
148096495
366111559
451047107
406546896
6453823
154893662
261030177
120232170
464394640
747727184
869295980
16569443
14595327
573997181
647497368
681397019
694220986
348786123
393668507
378361175
38269672
807392554
124148292
340344473
723092283
842731222
37285376
767993550
295288684
818546852
965349644
961955656
623022445
286701334
296428000
456083017
574407496
312731442
749678978
226123618
858397405
217845488
515568740
176938113
472461855
110420772
163138230
891567204
386901395
765469
809067896
664352971
599621034
948116517
414089261
510836135
900103059
705209228
36959664
632138569
212810791
972018087
147127876
952361251
974640479
881904162
810019835
952177052
926238432
702710777
217715826
282853281
863360404
962456163
664496360
871979409
762584693
691607294
870978619
50104511
700576518
790541003
261432820
597213616
929644677
118822490
736322288
151779054
416897724
109172156
646376851
841278447
743615132
353454009
801058294
393985039
593277121
81130785
680716655
647666217
630728949
316268694
865476624
233229863
234251019
846831988
811553919
260938456
625347620
38193172
630371697
194110347
937997968
31077834
577167627
990193953
111520811
485518927
581134012
133186224
643512081
856024454
492815568
603810241
528927612
521302087
125979945
304506712
18701283
518106292
934930629
564667710
752753946
504326581
510441051
270992335
638897542
626847075
712317004
342766277
364575107
529320673
522819730
83064587
280441712
671484040
856949332
241821927
333667007
880456594
410721356
246160945
520884536
144764978
398705411
834719143
594797895
10773132
37257305
271400678
570297898
780229327
36557077
838200906
655568443
158600717
758693219
116902147
394953712
659388365
930080464
182335853
271113654
303192232
139733671
504276000
639647634
541414879
361583862
130895626
252454605
597453556
123007886
955027130
366507835
12600323
146895434
872747662
565675699
380152988
574770466
406837720
134037538
637154304
996233840
913950481
428754358
328394204
54260510
159943195
425872852
796990401
617220537
134144749
835642157
987344012
613961478
653757860
737943966
221106368
807050282
110183773
44341824
502074042
411466535
323489096
412535
345082149
872609849
912241014
836953044
50334554
643223107
237274325
611468849
568945788
541923540
361918611
443785089
837393033
120731071
447505785
408248774
656891802
177918967
379464918
132344520
558406119
551028597
345285590
386315187
203640508
485948127
427728821
666177829
369143075
933335965
434578738
662525428
995298235
734281296
309517139
304823491
166435307
239769641
50053743
784920854
83421528
517264822
27463198
12096777
503212591
545852201
742390704
401004123
363143723
525054854
715634707
128144899
111320881
117709001
607700066
625085188
268155702
394127954
694085606
641536623
514445875
606437521
291131208
784448524
835887493
780821533
267236365
262950384
270086370
606688662
542754936
436862065
581929942
184000825
748691594
804582186
618289268
895103956
338313964
625269713
187164939
993012158
377829345
33419273
240022307
592169252
658898542
647239492
38205648
745283558
245150172
565260142
565124997
910162137
565683124
455934569
700069931
483771440
21401388
182328287
393510816
781167487
523244993
919889139
769341435
890107412
899629535
751825387
252160355
530717734
905282052
568268645
813849326
290154662
653885774
84704760
309993351
20844306
9548483
437774102
587440477
452997151
784503030
226268785
195285153
33994215
913286180
791913148
21043294
738898767
637451890
100116095
778109862
433609161
469770454
780873328
360611716
977263998
691835273
201498950
303890224
365249315
984433740
911290623
295091384
959743135
258202406
228457929
128371625
670036078
799296987
569375977
147077474
490927392
699702574
896995184
917284113
368433629
121069648
550593939
488615879
299224163
961949798
876718595
913970404
404316246
902708521
684566654
339124175
409824687
320847364
923905591
538349177
567442588
86830335
43528741
222869344
62091330
144593291
462766400
560184810
657267225
36995193
686847959
967646647
177327106
234102738
348500657
918177498
403350312
460950201
6713496
994827891
344746719
673392708
373468814
978709719
11207167
33484117
15404733
743691427
934248042
818551002
123341419
508897489
576031952
684261811
255312673
417121427
530547446
153976550
978830883
601168721
469298680
706238696
468526743
225374836
778041209
223191530
194100303
699377000
651715735
513998892
217479611
610183278
860590118
165558119
533802718
884149715
872136639
565664883
174173306
358610254
732129213
315549439
73593802
259863431
42559857
612433921
326297746
321661433
329456463
575870829
919859019
513323345
858855538
819036541
854146030
994240502
723741373
377766885
380711497
193812467
993334856
544891353
981763118
408543676
394027690
33158358
856787869
699621122
128835009
483274881
265306910
531923816
566169020
407623873
212087514
730495068
854796706
311121113
112953634
161189826
218906334
563388616
944601134
620989116
506918991
220967168
646506589
274501180
441179957
137042443
93313807
76012741
261571068
575964622
386629387
795635712
620688382
245589309
387267848
802706514
907015813
170941760
269330167
470665590
543300725
481183713
4646398
584679845
375822148
955872326
668301922
167712439
359459305
429939320
823099318
943372626
313945783
141313448
861871118
700962179
923741432
871809906
5612404
667879413
769844685
424045140
75612780
734744264
573885032
598014894
452651460
186968351
960292565
439969961
236604736
714747412
930682794
898692453
506718284
543251535
37121339
871717281
101428842
996535950
684417725
928689130
110362521
785688020
77286078
518347841
469948131
637264961
725164817
771979920
328144899
336498730
668342171
863904882
526583532
985729399
755431458
382751659
220492584
314815699
256556276
517253535
502912039
86885044
893640715
390015895
76043571
532273966
859553758
863297373
141927557
496102942
980830187
8917905
818138961
504578610
404465078
708574707
515743382
954553869
741850937
374204000
634021341
351843802
959023161
901564078
650518622
316302842
591977514
770213614
213547774
149882817
936485189
125909420
705628715
507977094
390219445
54467109
676741223
874926070
754863317
278476064
367572703
337781734
21390218
492992832
772745249
169619202
377574678
680581035
193925220
988037465
107239770
63921143
106031503
684370278
420846784
887232730
219713847
532401502
707247448
145158984
290629678
654076358
76561976
32845948
25877001
577885308
110504997
596744899
68090852
575675872
353144734
238582940
730835510
898295379
694794485
274996561
589601627
952022362
684565539
823786815
862745315
630953583
446484378
943947500
588669354
76437314
45078676
773398480
266481691
915801712
847064062
21548365
923215440
456620731
607390862
447925447
881187670
859122201
366435132
544542495
371251728
934112141
380911250
693830403
364216262
651051884
347434782
210662083
795998403
778316926
63932528
912345107
958071514
308869056
199317877
997072801
969232433
216014196
306054266
537479893
746359666
744266064
510791498
752873379
343049801
977730938
155703520
533368554
678301755
752928633
302693304
135062463
166491081
263280543
534377489
553760658
407746233
6173613
40349388
10771311
75389124
488179001
290998029
923531343
95749379
14708193
462681132
418043417
256750765
638584188
975628297
125749796
364184122
97177522
803907518
767947823
734317203
934571947
560944371
745946704
531139916
161916279
9782125
511683405
952195984
648118917
479737881
710678094
679595976
55283403
124239292
470087612
510191976
402201556
453505180
360711781
37047815
252932944
185434818
157706809
395518191
192301577
288221281
53912861
231496086
672422274
435898385
150347570
567705031
95228076
173202990
502593369
814953106
145017163
757545264
15143478
561377043
247418795
901965975
144071156
617119430
991291937
834858556
234580331
296007920
562246113
377961922
45003698
707530073
275313004
214334164
561129445
646690027
891935177
893042348
388246463
659631967
72904208
494547701
517835533
927394780
225877310
57701540
195049734
202400457
303292480
705994849
577218394
117242266
123672869
114044833
179703588
309875796
853690914
614349994
978893002
959140297
243444524
984107627
172020557
924114658
444099693
870165926
626383670
536478786
90786457
429360201
400143522
612481991
276326563
615493991
714145880
74071825
914521936
678987372
893079207
114147485
927063729
901949822
65115280
390714274
454801337
569536970
16997851
198259664
618348913
473078369
922608745
576235295
869978982
227249659
23586319
430617734
599150154
658388296
429898603
364013148
784803037
619421473
192395846
461813531
167229497
633537321
980671974
476467368
379679504
880164159
811480136
500645003
706898926
42374172
238357002
40942172
803845379
186924669
852787258
50541653
168982808
752378399
320756872
5937889
282613116
562323191
621418782
289009773
976480889
10960979
79813899
720083396
164957864
564013374
766578715
134265131
808729010
965750643
808684165
859219071
779398207
127884
289875243
734316110
86298754
37237280
695058964
119669155
992682925
800005454
83596645
511005253
331709087
761819583
206557528
235938706
288681198
55128766
190759958
360676049
55492119
727118420
960843659
225572481
781149390
906576510
938523332
113469455
580209937
703762868
191809447
430743781
246318758
646444918
473158158
238434034
720847870
323954194
837011299
516191940
836752084
912907553
87785992
435865705
86199936
726698181
518190839
688320718
179936883
826882129
207512158
328335314
404791828
571069074
132571847
673246388
656131919
384702797
343895554
14024978
884646773
846633813
283458631
910143174
650376550
778755302
975812442
5993069
162301416
446754227
536923680
54236280
725054335
39139385
738596033
484612430
863948540
485465285
519596008
571500841
330913915
623865773
546853280
140814857
41534674
308831791
716166615
640929463
917557504
329109045
651578988
756883473
525688202
204951079
165833799
53527056
323602111
220770366
891968233
356930831
936375361
329900026
84461972
204750003
511601245
808920153
365658247
614902523
48657390
167066403
690893551
291312252
246377344
871374884
940455897
616456273
210433284
583582759
491537907
855600963
280393873
324418248
34699205
690920035
217485273
392488453
393053715
304824825
522174296
474439780
389232775
246749563
812323825
607042534
535503364
165215625
548735833
116135862
459519866
588876616
764648044
456719047
261968240
19669366
402208179
822024061
24575841
612792787
496086304
244157952
771387515
92201299
866035330
617044081
26796724
798829231
417202874
586235323
71819683
644753972
174857264
15837076
656999984
984646770
434113926
534739452
197042663
160687669
749288086
804241459
776671585
228525880
299490869
656379822
169362525
886971763
346780665
174963036
852919833
292644766
312976143
870259174
35057764
897049926
10747987
603297388
920798585
842056368
927031867
358674640
677742263
356062534
453291236
387257763
157916864
483785325
169123064
427461928
258649374
775343463
528600117
68909660
600987393
373572259
347685189
744742155
222380882
586515527
994302071
667179533
157392030
773244678
385608250
956938133
196481859
906657199
788942239
956152622
89199935
886653728
553928360
981477670
695524783
99225964
254570530
605138963
831408180
516520572
158540879
682683996
380369337
688939261
518610426
765177726
521808319
729673012
90702008
884616151
458075784
856514555
279089835
95619764
920242782
452343739
948378408
549633101
258504213
738760677
397082828
143344592
571509324
179096013
953751061
720388270
169686577
958133239
831918630
273736521
769461745
716669767
208568017
490191001
500514109
884590337
622590779
789266583
122544318
480966131
218317310
858771182
180560323
886317645
923035164
398058647
156253692
546223037
243372804
166462140
902652093
178197105
462828386
302812305
929227888
265476218
319038470
288440638
868088740
918744970
872027188
961500877
678101243
961170659
428058066
893637480
256846192
895541050
435137812
237655921
190176014
265213504
989457538
501227647
571152931
273293102
259058741
194951265
121652846
921143021
172155526
371997321
280167855
449187232
701619773
411240340
101363868
742815608
659637837
322603858
777613919
772841040
584618715
700104773
372220991
567242509
126597404
735401744
252635674
579704991
144993188
831063902
85204699
968311995
253815135
973279453
41992258
769084764
663656162
756026483
265700289
153052966
632567076
3598689
575698003
971229746
621070886
565458581
843238537
893494841
307796321
766861620
535929579
230930592
340208321
452351341
791583236
88923649
743116630
79471305
686261644
81891552
388873725
385792300
302031264
350266045
529593731
445997994
702819871
397240537
297407543
407610681
844993333
539549408
485411373
656037626
573216143
323986510
178320508
139994299
618469019
32163388
885388388
255147738
95017429
984875361
13655581
493705873
684645865
875039233
709495505
741393458
91970242
391289825
563763145
331450994
400206186
520575836
314872757
76612796
738415686
293775902
783634148
226045308
606735824
789413068
307850126
350500257
994339964
341494670
491638080
151765483
28046986
546747176
384512617
743341800
695493847
532589739
689809501
646812961
285318224
157746197
223864695
811005838
686250508
339226196
53144669
459024217
293184874
325037814
92206645
281653308
423379569
40100811
769686718
965502038
831767490
824756359
159265896
391833508
791038462
275125950
789829130
508729015
274148804
567206828
963471607
849660400
942698783
431672929
157271363
525701601
680622610
506682435
882233113
345032202
973886229
968811886
774739427
440082880
823032608
911270838
779539953
128933444
213257432
646990158
5858310
979433054
47371637
448042388
439315575
309440069
686802986
737921749
594666716
674382016
930434871
680446835
783345667
733997418
64113527
792343395
87648725
427325788
43189688
885507294
876959387
428872778
607768198
769828965
555051542
683779401
449368204
988029245
47450700
114875316
387588354
25442370
770791183
729162917
993560249
741086191
450188267
349972117
383673643
310781673
428650932
20399642
438415957
836543493
801128969
393162301
798983803
95047854
824534981
950186415
357727905
737997182
8593634
366086249
523108835
519124539
699818788
365067184
123107262
322332056
655466674
148259104
496637427
2328312
387240517
519308490
423467791
693178480
268263558
847765763
245445039
36245556
201239730
945450944
267491809
846661858
658536881
875935750
409052875
391419362
8690655
368637753
235577274
328691748
738611710
289160823
614710243
295005919
531084003
463686373
989453098
639524385
758370221
693698443
939550521
76182140
303383732
143689780
838060329
223643900
957787246
584044916
405947633
755927411
233116068
71586911
709493523
934019847
601962833
179082928
646697981
874852356
818585668
166676359
418475296
470483241
720598372
607946833
67011764
937751364
848675978
481593291
160090744
800743018
88897044
671237819
414122754
507064693
443157383
67732597
132877598
165983853
350215895
599352935
466172121
401925957
439942252
888986724
45042246
400497882
224828010
83109556
46695404
809549189
622032712
250139538
966636785
767553223
811039614
792162231
431733123
46055339
988726818
157093434
675181704
169513427
5804918
273915665
717091382
158270065
97833704
781687767
216737396
399815750
588732068
411877647
962614677
127219211
208679698
238515629
394395130
534259726
595556479
716182580
485779578
520399051
784235845
47673535
912781578
640638655
669796844
218664615
558807460
664813412
382690734
791089832
926659975
165540051
430914426
447604031
628747339
189455141
279998530
440080274
454745683
161377760
465758506
110227812
650244552
318505464
516713906
609092238
30654515
727391646
473629542
58661418
2413958
650161508
578217266
78161333
479562676
938733033
162921605
463666235
893021715
707336354
578702416
947706055
994924418
997579154
410212063
546433910
345605074
743370487
424341439
451705903
386966091
275875939
656829083
73113757
588897174
807124845
911673678
785763501
188848276
762299949
836888530
341413359
102039174
100745532
904569190
416931744
617483304
628604162
9704040
510593964
725154938
561058368
811560409
106558194
646904184
961088226
900668649
663777610
875589648
484825929
135695494
295588517
300687080
567300582
454917935
274510414
555548717
934916511
191085203
31715099
281175549
422662509
352841562
699316247
93535133
539697079
833867260
988960869
763192460
156557773
681037955
257609991
573195144
562129180
470622333
79045897
415514451
207790301
937275861
43013648
781657720
201854035
702004790
578137187
663191798
880784112
445889687
348508555
234745009
283355399
172994683
875852950
980028095
247054765
671070965
997006233
391516920
614317796
355556803
904264771
345676792
712783770
655774421
922769544
717325640
626102875
937329629
430146708
421882420
830140143
288718364
53144372
677974184
475095932
479301740
604871763
925474839
62461939
831625918
877340262
453708979
713657461
559463207
99220957
180133171
977210993
545325956
798441610
20320814
827076078
589854359
464649799
200293381
690239236
103628364
253753856
560248438
107005082
534148247
971419852
723512348
171076030
346250585
406265473
496967690
825873373
957768348
48875775
247147553
71222355
43783222
684583782
774941852
324853749
63899685
700664645
951818886
236068212
489621662
253791060
856369261
872464041
868132232
164932613
637871234
601522240
897393843
147909042
63241901
259832831
849207084
730689803
556279035
447954535
636687412
519966576
242394911
230722874
197532114
528459371
797205317
905181732
122982262
248577674
486863266
428705722
203463622
58432542
84323387
324619983
860035829
206789419
340225899
908100135
37852674
416708213
474599682
835878558
642090338
60718925
221731718
982697551
465275118
212120598
32742206
991745316
466352426
779649339
899896485
305972277
948365826
206269773
652357589
922225315
511997034
169256950
498234293
874896228
2956472
866707141
90938222
972994990
858218039
764184507
358371967
268351854
467431244
694859038
58455287
584351752
710467420
74020356
882446744
625944784
172134562
671911418
62410608
113585589
688987454
768203800
776969206
172370752
617302955
108369724
174128417
243805318
572668790
103301532
877916927
824646349
143034294
728096084
177368755
264302124
492489871
524208647
747679238
517430767
890675761
922269223
587762599
991437331
657695590
581822512
556180746
619802096
902967131
617524627
828418110
495202742
211464723
443908496
853944208
56323470
977862467
425671202
831393952
332471550
392793585
285835365
100244582
132003038
563016551
276475844
685028341
827305661
317921877
841200248
277913449
14644945
337521575
644250119
266345517
727678169
703442089
54862799
400198794
277509876
683637342
853944657
51986165
878467355
973191604
190414339
133843766
810162693
378320277
105029711
561265526
933975746
462625218
775997768
271592381
252091434
616634977
264143114
390334025
258172517
558917888
411779718
855605197
971462498
719773961
410584733
451024370
222072378
112066594
963036839
265473280
70663065
15112213
593583269
140440200
995857951
487482709
498347120
160877615
571915833
435736132
734156338
762206840
530624743
236666404
23439948
962063368
579110046
218907357
956388344
165558044
682117466
910370978
546011679
641150814
387636554
231509806
128860164
221649787
532022942
380803221
888670148
741826873
389210705
839941733
601282376
29742028
792901177
845469023
55926224
33729302
854320238
918716094
20015160
2454305
212178766
456341618
481966538
263757843
68157095
327296265
110953164
872424903
865695315
336898575
69882734
817138840
308625335
676790144
565205885
149413729
5661550
111438685
538710969
492351844
19450891
211868296
819361311
239137551
522200781
224020865
496041443
710300286
168170195
773769293
968380312
668874762
332558303
341587275
580911363
639490863
71615366
796487801
755430026
632922171
74386847
689409953
905629467
864882182
541561000
798099692
363342433
17859818
397629419
975996398
64729504
178936836
961113472
832907367
434911019
191016989
423743176
623626488
915342090
262545776
300299108
352281950
138477571
833502719
721987334
997318399
288368457
853471350
753268719
690635277
18379415
69884873
556462437
569915012
427465828
885499316
655785152
77290263
696104302
719225109
524156903
326042230
771947733
419323227
542886274
85198476
399844371
988898002
953462210
86487845
167298093
43839900
752660486
551116948
761691059
871187241
678518559
755237458
966556495
418428771
356713824
184800509
901208536
805067626
223185388
154509551
801303263
252915756
915901577
849702452
216862464
896572501
157995075
234710799
63013675
137400556
319132359
817864122
688779207
483491044
509133191
826139062
943466738
921915349
905901693
936837042
473402867
562835130
377472730
530725226
312275160
695695613
621214377
847463098
14441764
9893698
214090488
681804718
950256069
174760215
208521859
824267984
815361658
654021241
132129196
121479946
664302957
827422511
698586720
432020319
426241856
328052041
420902280
331336044
851105954
88361056
665535701
852848333
13805191
483735305
26413417
370689598
281110460
5695849
907514936
200488745
423193028
807204484
585308560
614871354
732499028
156509838
270621057
234906157
109326262
913074661
773061306
366494391
833900385
940274438
690747558
569609788
350645434
800742391
136018682
776108928
337922308
68175233
757865056
455701157
474915132
656863026
738716382
194660337
93738205
72211820
345231782
203351704
760354839
756462722
935289198
403290885
28243521
523345110
293476722
330820031
481922977
671517194
895034039
156174546
35938983
276293422
205995834
426735234
946948266
816872900
592508677
788775735
926931232
979431230
120711560
825130592
744419150
694724931
984907617
874686450
636092167
400007689
84964448
873544705
773473950
295597367
773500337
793620085
779886792
96197794
56025830
656902516
541548812
16528731
835948497
970049983
884791170
356772544
972547071
163456313
622682025
297360439
386771398
739508624
59012408
974750070
126706649
246136003
697368214
86793594
808874329
440077682
57248101
887031712
333123546
687574492
732918857
752728008
480842518
668105085
712669977
328853870
560013968
49888349
696553056
901516683
872858803
712055673
423002957
67945070
472815612
475550284
588688991
660021890
268799073
94704734
367058227
8018799
770732810
161269206
643888455
861210141
902185980
904724367
878399229
514665563
747195032
248930304
687712911
950464605
460753631
596918021
814607021
752697067
680722456
663759715
754503199
919247430
580180922
570407161
855878519
519406854
503861864
622014331
920724763
43820316
738688806
496231777
58177180
982927358
412516735
94149156
367940682
472133204
305645556
974263530
482513549
241567122
259959777
458162667
120329124
68825799
646033599
857088389
611343588
317159521
102214068
131228592
111049107
347828862
921388793
612013117
488794270
454340279
969275840
841545072
520685942
730077222
568147999
340893993
969570416
198685511
673575715
630954493
652930961
800137539
840724021
576126664
563236998
301426263
646734370
347430401
314189277
350194597
683396421
505039695
242021101
950628615
4163711
641143848
289940112
12301355
453038914
416719417
454017455
764390949
10466649
505570642
29882966
132821802
414071880
325380247
230364943
103836504
506969772
986631690
443204172
685941951
630431472
778749369
463372126
271493109
497303950
308557242
231288601
775386896
249532926
700199347
240426622
721712098
294496739
738480050
301893240
236330199
658601664
861167000
9636440
354052660
162710715
458200424
772727505
975008422
744063229
225324876
49696992
192819957
732054718
144565853
226253961
531230647
213891522
367997069
569162705
44310108
335451751
382982665
981215596
236031036
891054399
70219865
748963764
710130555
602392309
522559349
220691743
664646978
533954845
684610945
8636569
781154084
946349932
400876902
473954404
3851309
455974650
340703011
260192744
229044221
409642684
285476418
837786303
948079930
395535285
470001884
609293083
137643612
538949731
360095513
389948018
502965404
997050352
583379484
38609805
197107215
634550581
595573975
795288461
300013191
126062917
101204455
353353514
926099696
888913318
205999844
659104014
748211166
574157744
358968360
917559003
616825826
750470863
18451050
1294883
773960063
486793617
408627585
272758944
292948557
279343634
175818699
147386211
219372948
94976057
550269167
558761679
907980712
193724328
25480523
873554796
45383553
923129710
830595037
914236191
36624390
576702632
405104299
120725392
186552291
642661814
390438728
483132714
111611704
217916360
944840366
268301101
395603672
31556637
538497428
445947423
157119118
438509933
380248772
762112798
22305376
558084589
844502440
994155059
240298310
321779345
878716664
522112698
756425607
969623422
608958791
27009750
843223847
921886538
821286621
778720788
922165259
936687317
435617029
923741684
938788968
374334785
678675161
874651536
841558211
996289586
83674884
879262701
209128645
65753719
794014803
899941604
165207533
860371455
58597793
38659127
295207341
588413397
917517311
207390203
315847691
376733460
32418879
362841664
280026970
29562645
529125004
346477711
264565764
111021404
294742317
340181201
262598378
30758747
852319735
148631164
306495882
162083105
903700876
728183361
728330410
568866018
931331377
484444801
505586040
284081039
507966597
248031183
708934797
285848305
576195650
11292255
116541985
780046601
577786743
95444435
883197247
203164182
640919312
657191801
539283283
399149956
505534632
476550476
666568262
470418263
961337844
937042269
837289871
767646175
795956188
14685056
81134469
396245746
791169276
987891412
34314918
19459229
823259867
309228961
638082177
672353757
476168152
253516217
74379710
767512006
401954193
439955890
558588948
209194901
973990485
710563682
167655000
880846330
713573683
722362109
457858004
367917125
453902247
822324212
788100184
898634177
837103300
327947955
214703149
810434187
470964526
297920064
671158841
771120513
467244915
18273765
761776609
123321407
595386743
870725534
412518928
911137892
627985174
982009443
501678947
851420637
923373451
163642053
117612470
311921926
647714793
891790768
784163865
28896353
857131850
305321013
930356519
348065221
140924568
557862547
107640761
970572018
175822556
830955323
673579203
470279207
912980650
77363517
917554895
177406146
737131488
695676742
298801301
889455381
375262030
393081884
665422176
960130754
276042592
198166906
275231510
693960521
769866022
512223790
756910752
424202920
782393625
380825064
62987818
616928226
314412536
261295091
567765892
85584794
60342084
154118787
67815571
104086557
769809424
85759158
637895994
489598413
169654667
233224384
463250242
57009403
624821799
16867036
347797617
729020857
15673027
599620392
293498783
943108566
168451887
524918900
301983785
713548706
625783855
2362211
511411156
982612720
491767449
688621199
203377541
495921275
554781925
189663892
449629208
347408589
572775853
51482168
489410231
546309416
766397982
956362754
882368273
297789667
314387069
22777795
879443292
333442632
384348965
634888874
997522764
442954942
220567925
704188556
195997214
703523515
996967496
149118168
978187545
299830970
938564859
312048292
229955151
317903458
753622812
100775774
709022687
985981
622579526
94724726
651425915
12283200
487935565
891043185
22585765
80853976
396390609
728802175
248809103
800363022
221236792
972347735
762190722
212853464
123081918
423431988
959554738
169709160
376705621
180671902
413450866
455327007
442000787
318220688
927524905
724125282
880964913
328899799
932927219
969402636
259017766
564598720
48249094
225275934
614385908
43534013
392808034
407898615
651168264
319665052
989367697
790389313
979753811
154763489
483930008
873357724
824511681
396086928
866853767
649434552
884541566
580471728
930731924
709554145
701883198
507142239
691642264
170148428
79674800
548668
371452138
619492935
428916736
232468251
205298415
744843904
896563038
57748944
814850981
255491330
903140211
453924605
306333252
842889206
740708998
444392400
655681437
336601857
193385538
653183189
97897297
966976211
259193869
675900181
340440191
648159423
760000167
293216406
144801176
559719173
831869252
892666732
504901075
115144924
672572996
789081754
849743331
201598886
65189822
155357101
21866619
506719305
342556202
358895983
386177007
253344514
846538012
723197248
445935564
821474597
814531133
448787205
599723323
691132609
912069724
871699769
712332126
602519859
891034924
664469546
171994097
796791747
587558313
702897513
985460547
173151717
502833540
958020666
345028995
921737214
4742231
525034117
491538545
530683336
174994739
871001781
928072836
599091528
816555849
37277583
711202319
766136295
113571033
201105429
245176549
821102351
510420999
988962487
682859000
443881921
511194692
116929023
590175751
86274063
209666635
731175698
156599138
639613131
542080892
860757236
842755162
353914130
24471546
233992098
538688985
684851167
310454788
499086530
472468323
446936166
753820567
71883170
129695900
892816362
432589162
338757234
353671074
977347415
813661072
24200467
204059635
85693189
424140138
858490492
112593153
185626973
556529699
271206160
520986464
595370591
778165713
135269905
737752155
861007025
54408112
758774619
16031047
452628427
241005159
115054002
492724870
448000338
206283122
952050446
936666680
864604780
957219164
522688889
37330477
172702552
752387463
368134397
936318800
938567364
852646052
392116312
896204663
267912264
181816085
385971721
34059013
551405900
978962664
805030348
785751099
951968833
996898179
442916904
248203179
201606616
894602961
872014536
534144381
164831034
833588973
331606108
657442870
126143260
451795972
257702249
822441793
952530728
236965731
620390606
57356291
414835244
844261483
630026381
662194265
907634159
812272935
154508737
877608578
425303349
257135201
768534755
58509679
709400333
400486457
539377693
213095203
232721817
714273795
260376842
248441450
667473747
303369054
77410259
446576090
526731370
398825533
263664094
754487469
403019079
657761757
552969662
121933579
166378063
815850578
588314474
709181375
833349012
173396157
721761525
973997322
253813879
967488969
401773521
691048708
352306060
895405058
712803189
13221191
996034672
466938194
488058635
937482861
47312482
647530782
414758555
552236442
615792704
501335186
626421484
608077978
517137311
636595214
721547356
394234068
214494189
78879693
137922792
408000019
187904007
979053736
438410695
426691747
325551776
478660357
118305021
389306624
356878724
454701280
596549983
850114168
889630811
847886190
517250884
713769018
454870816
485010564
556741164
319334677
462098938
23970307
564607863
786515023
445972161
92148035
300066369
125922456
255649108
960179436
6583510
298001738
943557628
863839848
488939022
924091410
880440339
978359257
198625198
816764872
195002941
712395562
198977814
362660234
169452015
910927798
766088626
205738270
291615575
344669133
575523603
624090252
781733070
267575994
438551038
620638341
221688096
220682442
846802057
816192855
880406812
751081814
234379389
338842183
756116216
130510810
214080857
60449965
502107166
374119505
539208268
561866480
406814116
856796328
502747720
372714070
295347237
825853952
854719162
861419958
896658088
45921651
865147635
397927135
866529215
122230981
403911838
406036129
170157561
843320841
769367488
494977630
486708069
65089973
123848702
365893687
418647531
816547769
830183045
370103342
408069543
186467084
129144363
541886628
876953310
114754344
948709639
724630965
788797280
14388720
603485408
764288670
490132248
776060223
656996352
548960307
698779341
777604217
123995489
147996579
504312842
757524985
455581056
146781919
346711428
266944336
287639104
565832636
34675633
942429798
739153141
861247727
240738034
616989786
528849183
867640035
791218057
847930290
437881827
990045189
937827054
278124126
646149757
358695748
655875325
76669263
196892560
958187867
946184141
706693527
243191017
994312870
796789453
697247497
674347127
390688749
237220730
278018362
838257823
495442461
98815118
195318548
816007175
381006121
500602932
211588890
821333606
914102770
189240761
942678729
382860575
193858632
583646935
179173665
717242058
358860469
220085718
262644216
391260056
792055509
335542913
777706569
449349572
199228502
985008331
584421437
327015965
153905888
108438096
599334166
799975595
764214462
628838877
966263443
887167597
865183034
207458398
100152897
928104545
26501047
986159695
266211199
172663657
864682440
966178406
474551218
275548
290635653
764895725
986217246
223966046
251049410
470956892
773539634
331332264
360874173
871736858
162604305
616216650
279678724
513589351
161586928
787047448
180181888
561815053
529663335
352668930
684046750
871549405
621741330
783064699
593396684
929186598
869705877
233456521
699039
569622871
904931397
161578685
374058050
830640545
361157648
622389456
549309126
254419737
2145520
259014443
547083056
606308958
419045734
448907483
835350307
122811126
69733615
718726970
627955681
847423207
187104585
654795080
274819788
362980996
522519460
60138047
592464453
910730359
950515693
418542524
797809292
238096657
901339613
478011441
93397334
636269933
321713157
56915939
255224477
930626626
194898901
667208722
372377981
900722949
856801111
732407229
748331539
702523261
482213870
201479242
701142544
487486158
304536466
662590467
58096288
769984142
883894522
928577637
571468823
802600706
393331909
413798479
562440588
275241875
386984132
751712094
815091235
173823140
100622748
141027760
288180881
687261020
316078422
956297789
212305701
552092691
297646355
924617170
394732978
983922690
508052048
317482168
914648789
344617494
629618814
580291531
568371165
290959548
226564215
547601591
293836923
813185885
918771976
724741908
621727701
483075528
679519793
605457417
945799912
750032505
791260095
963736960
809994838
53338624
872682029
932059541
124320438
247611588
711134040
206793651
109874080
436532825
186209345
723034
923807211
428037937
357966697
430101045
332588284
646568256
330987444
111972727
329885165
145939249
22274118
874001915
819188911
195366211
236788488
348593823
188897989
979339898
67787339
169301284
75148024
288485217
650893195
167066516
965618700
589932987
409442695
173215961
132966814
914754503
220197554
121025736
492675450
407620549
202975484
295251125
53576751
751871184
824376065
580844170
895485570
982338597
544409342
287255849
341971205
963932228
229648362
625059804
656868835
268873747
264048606
102852053
225482234
817378237
825428566
814671114
468002723
324609575
256938762
771111825
333753720
151281890
163803228
120303552
624808560
441407108
984712573
88085403
707227824
511880506
949352596
534854001
918371495
547883480
965152952
273625643
771080594
893687693
928024041
770122013
965282667
288431850
563657617
254798186
787793951
828586642
65625503
190795158
438852680
504340371
50691489
664753778
744083674
312942531
374699076
381051024
256518108
801641632
353291711
995817271
251314301
536508660
755432832
389636824
44834506
143937844
820379318
309392542
899473051
396931801
219992295
698286505
684324869
785456029
984967492
792727152
779358201
28478023
317746201
490222861
986034178
837122520
865379893
545186901
230004272
426517864
995541990
590712731
653073741
187812958
766991387
131494000
631150651
803619705
287094783
110513557
315004273
383141935
349494600
851804984
781475346
842520338
399971592
762704696
401757438
406840679
232986276
973534358
471317040
44641742
296186927
177812234
969737229
932826322
140794691
850072049
256110643
173057430
71523415
222926645
134055506
167964995
964692004
887113918
771937180
925698038
299068572
314472673
433670527
75052470
833146105
14596810
204743617
968838438
981926298
237320263
113522848
902865698
364431276
930834924
231859283
163620805
1042492
381290168
667692165
598290008
71308100
604670961
415826449
421467686
12225624
35481719
789337276
485018066
738801446
789803955
56708974
268134970
382887285
66347044
89718574
11261584
219681736
480181717
479782947
689404656
56932599
835766582
47412870
208278910
722123702
139176176
18261288
906791868
787292760
78203255
645329164
442710923
770720578
525503680
546626496
909950349
679177999
492595328
534230952
173216618
381332535
396907833
742926651
466236587
125957738
592639095
923911364
955758828
784623460
381139870
418184668
627097914
759439358
720358379
790542292
920538545
11471757
351449879
297172706
675107082
880818277
99045092
701956476
691634588
288976855
866322111
675326069
65556531
213628985
908775626
76511557
979865910
545327761
327328653
895827864
30611982
810864935
247205429
696327560
184054189
162487773
864525418
220088152
595872905
124071711
472783390
694525469
182118243
594333686
954982401
910832762
309989965
862426362
7440203
56925858
603670847
409224532
429977337
801055324
399829016
278507964
666007251
731638020
774790630
669146246
15743864
671461942
547447609
873549396
392330774
66264527
697879816
22797298
897267382
279220517
417316132
836076279
213644598
703353128
233789455
536425102
369470603
21397976
142567920
602609115
573345790
818675367
702868442
689133967
489880361
473002926
387896435
897969991
112212293
680997933
786585487
617317959
686189655
989706815
735727814
739619483
953129299
255416308
70721074
421626705
237321007
600148746
748426864
716648366
786696962
141939950
13057865
420390450
51945202
270795904
782280691
722172470
194976134
801174252
979855393
956165390
933287753
528094430
567896163
173813612
811779352
49842328
349657509
160226410
987048454
720305418
813827168
787401975
300669352
719700839
442439371
906537560
768501520
102427763
816985809
423313855
325928403
143879873
254049551
717208723
877678387
758418300
403277366
294918436
760718459
246707583
673315772
108157124
951927645
651149961
874814427
548774217
178701029
737565889
426435961
662050588
224564422
834164434
392671112
642778479
174815896
938524922
545763619
409616302
557185281
392808302
888382294
831630854
701123010
266841662
769537649
961160028
222708730
800118068
274342080
34520990
9445478
591259795
841992042
909675005
802002671
599019803
746605896
982243860
800179330
231528150
299255836
649334530
733991874
74590447
372114261
36392501
418833689
625007302
126311713
762056826
555146194
856965141
986783288
72104600
764278508
774021218
525664732
932141767
766723752
44891619
585110148
854284988
418437682
262425059
152228451
462333983
97023544
481659708
759246508
268920520
709172327
207588155
104101223
503212090
42109021
789434692
254805630
906051573
380138303
975549963
550713810
892665215
268715730
117178066
942141609
942030742
381286605
930356051
804298966
296334867
766651296
455359908
880362633
313074330
865939520
290693494
144199448
375832141
621628809
252741713
647977267
741409323
548474061
287373052
286684666
529254172
580974203
6457952
409743833
872043556
169547255
963049846
132305863
100847800
6881813
79784685
824893381
806024375
838680294
610082330
820937590
915216112
969326792
206549044
650340275
887356350
857311388
735949506
703740011
861760449
156980272
767447250
556574038
630057513
202220313
541875173
41431761
816908086
351006724
251629648
613494598
948058629
252089563
874556946
256552455
33349792
154504957
672931344
939445506
665817991
784490349
872082993
375898204
185018341
317481574
849291169
845557315
780625874
452211007
671885861
241395945
615554662
849872487
676347129
511134256
465088595
811069792
870137955
940369185
552452270
177501352
475077631
351704365
139542362
344421222
319405672
956541927
463801767
479914163
537133673
860881751
338427042
807108460
419292603
651944166
411556609
464794515
239489446
173525799
792661673
889659811
882406974
648213942
186310260
111520743
653236450
962635384
987792890
831733057
855439978
487777244
829165684
44485187
985405234
657626472
239385634
520445627
380770862
923685088
35059545
255921185
334840866
456101639
900057731
811132330
334935580
438974489
711422031
838637424
43783739
346430392
588220466
602756219
818610994
834458781
912210096
547287507
288290290
491796189
35448412
591438243
112599658
53648022
10196619
959723750
24974825
437355013
137410657
899228835
569856339
435587747
159846512
317302885
998211149
725715938
701919154
633501423
101052424
563326600
966829938
177932557
380475691
732488279
185684519
199507932
207825406
756889928
933385076
750379450
362868000
784661040
839592546
717370432
670881068
300396786
882876939
242666612
694680985
114293486
276042699
694497930
565481501
287417087
264785560
619982101
466794063
416260522
519391597
138066544
466661682
154596944
611109038
581144007
72401636
202847678
341191186
513501205
984831029
657886221
417185879
919904433
27050647
253331817
629859535
528350326
971761040
91267723
336499973
285509845
181561199
563121437
614556241
443541592
340946353
943007486
545767577
496390482
264304154
849744526
610813522
801449707
35220259
176222025
819392118
621695680
872365348
509685248
919307373
41775703
206500221
441668328
7747037
129657751
671506958
708114959
32605425
245431683
566996514
925566618
735848436
639388649
245376075
277294900
423499711
989730065
775583971
2798269
304090865
484518998
54613544
426731436
691083734
982397253
605610921
712465173
511337625
679038833
370239977
761353497
691464015
101989301
872507394
900669625
544531766
132886366
199162657
767577992
182431002
459983776
119342031
45197538
341123823
463811921
527117281
340165041
678748308
277724947
927657163
46910953
198697467
311603752
796445885
494282186
980151077
14784688
170984623
561518959
754677949
801319707
285218342
762812867
403224856
265777921
960360505
171527502
935689838
714304884
90108962
743154436
690823268
178593533
643310124
80861568
996224913
491990542
856731148
46277959
939462095
429886865
313164360
776390288
206960309
348746327
724901660
498174244
891155895
436488533
40599674
352519142
899823795
397059232
861836224
553829705
161657072
856091573
757389247
174832690
421768105
656868872
510913055
519328628
509295108
250259295
3029284
666051803
468815290
334998100
547616070
947496449
711657379
732948129
882589857
969675608
143975074
714330105
329757906
574576644
657790357
294432640
618499888
565501718
421107856
55951083
910465022
556588823
139213319
366304760
40396718
699292965
890952063
238685894
419068763
116111833
635149070
678778857
851276764
521454619
398284027
200205776
267184360
754970584
865733236
19899665
203176860
863752891
515410271
98423943
791898473
868788709
267286081
240165937
566030997
520432839
102774729
453311138
482874937
315728465
89963580
445736157
406235900
326380806
71077942
811864901
167777169
665101875
855817735
165110952
60896959
278320311
378627021
465425420
245844832
222202846
761363019
990429934
378035159
178463138
88192233
903187841
808874521
436223006
226647435
426030038
71332070
314629306
280178983
802241021
508878959
621504438
153116086
734415096
456261999
364228310
464899740
198488409
590835608
2060941
884132157
700260489
295998995
262609394
111204158
734433669
378142266
643265062
57761086
128512041
743390590
825756632
150974825
54160320
229575071
314530050
469374769
360614025
869566739
96468621
22786628
939288174
622409510
611858756
692369698
637646063
328032148
785073191
704493847
607779875
722897489
662925752
87084601
493312897
203093602
119966108
17038796
409266279
109912190
382557680
927203314
951587527
55882826
391189429
775796381
787376615
378960971
888445547
161884361
660277664
623467434
494250022
560647863
629080967
975299320
413849929
934433853
195405639
98752559
547480920
20797553
652879876
359746769
632838257
954232507
20086443
183733264
236364933
817354800
439196434
289665802
694918389
246223121
330945275
672301256
50745698
972027257
455854242
507339493
869267209
95624858
570275584
161009563
667689067
565512270
876994855
737441681
275167796
507390987
755673229
209999067
835901673
890408079
696116505
586356727
762120203
780139726
22983446
224958707
373301028
633660261
674665192
419361882
427125082
250834090
278938392
467968308
531107006
537369405
736258261
745964871
191756214
407377445
465785104
992158924
850166823
811866502
145871049
601152804
209902864
854613290
973537593
509920467
463681104
11611134
461492865
617771089
757382743
31363414
987014254
901739736
305174492
13568586
175335284
802948363
420399980
545105574
640700790
305358083
690211008
667880755
803903447
417161014
77236580
427753803
995695357
786884972
231936037
954285011
682820906
104920021
459468367
906910567
997050182
130767707
527830673
51626762
494118888
555045446
835967915
796152324
534839740
332876463
399041942
732182648
656678014
531363711
273769032
358270739
431263948
572535821
317547692
354255769
87766632
723812115
248693277
862622959
296525020
410689653
79386028
101949004
820074950
949385970
242786680
278780070
188226140
239452968
73005883
229446830
337747330
18811074
741624679
924020779
753048549
892925784
753657187
467469642
170344942
345086455
288026304
270629952
603496879
699110733
109627949
763414339
559185621
508994862
49691988
74804421
723848711
279554760
630215143
859430972
279850859
221103819
899388476
633852780
644923886
178005845
608183759
605218800
554643891
451724311
247518526
50917557
822690814
172972443
858445975
760034739
972349069
520132491
128130068
548138132
629085540
274516650
558329264
835018651
494141740
762420066
78339992
419623417
114032134
448754554
875096459
550701417
683423171
388787084
916774907
471924769
117445683
72110071
316310507
461950670
656370689
49491993
291028103
800471439
151208266
352000166
436488071
949976067
96346321
765773992
995206118
42633732
428071951
218925293
946374693
229111296
96926504
714724162
492010105
751379696
847429162
779834898
411087765
407017252
323219174
424518124
489845752
70641502
568951464
255991539
219280277
779118262
681366533
461242824
217130056
510041863
540264948
994248488
176213866
869587806
928778520
197199389
754849555
963349734
25957391
881607845
388718410
877092168
966434034
500680371
659578710
820431905
699308359
769203872
511932727
180815400
731075774
113717604
613260588
266393488
783377583
578556986
12068439
802988776
854237428
112686798
876989821
429987093
700136382
889466830
961469883
312521834
871555602
818112050
453431838
453802845
804715994
291452318
834279783
558189749
585456766
775638298
322795223
849583106
328813268
989146024
996609615
364452685
5939618
474394407
393644271
49950086
556076221
677956708
932897511
89847254
63232761
73142090
210692947
506252303
727812978
949226760
727238488
445831322
810623211
196395340
368728410
450794767
411290559
429695566
294669917
751763881
355443799
405251967
300956429
77978787
378606328
689255961
149472234
10873257
492927484
132340360
267568262
908810560
888268392
248294972
182858469
405168811
722235951
337209837
900090111
945864056
224103211
16714468
993453314
475872582
475745107
108825235
410012745
696011761
810887452
291288420
719332155
215647916
728456833
766386484
421357029
930580198
39124079
157671321
206446635
19049098
83576441
721094678
789237840
25373375
173764285
1648490
351050195
516167090
11526285
102211099
190031581
494146163
416585329
613251636
587100501
687827334
291407819
93004561
117236402
840543476
438258523
245325514
462440184
851226631
281539089
7750691
133178056
375733446
384209706
303995569
339858676
546042726
23593977
814649592
851565859
278340695
553666919
261401569
787059715
290945005
694222412
618566236
293048920
77102584
293611764
71268197
712272727
199097700
900594996
57218164
482247342
605916004
859225431
589677972
771664240
84331752
997752224
883518183
957902181
295819209
511480409
892225165
28189320
797818792
3561795
737947697
897623739
554965109
780215272
27969060
139433524
391792922
892466953
127722917
267416307
848430337
693215753
744726488
453083424
294399898
465723424
237635910
18927636
427879260
556011964
947286257
878169947
763323250
856027855
258312827
30759862
160928333
59973366
745945652
365867001
108039481
95218660
347080368
279746149
784304765
987163820
150052667
32806884
8421991
506364235
160497969
984137440
672093385
418038913
761183023
865219799
757629284
921915111
128642691
671762058
916405318
235989049
717102142
42632317
406592477
982242925
580403581
840026244
310989072
717654832
662748296
471966931
163238512
896264996
830925663
501954882
897456598
676881695
159998860
518767461
534969156
223831973
18785866
317481687
104437653
369778050
94979874
505910933
498091405
313671741
145499721
120654886
173344154
326982467
200923257
437788417
379158609
602216800
728299780
490365267
389301006
7187843
815829071
254679311
200091251
487077443
319795592
207368143
70235986
466884649
656610710
901301205
91329324
249823573
22902282
761802084
766744948
634449974
48174698
400612037
610351399
193419333
334290444
718152639
701223702
304284806
518541045
510713188
686002780
759972099
273641098
203085709
538144218
634814950
20907858
268976800
384906370
520685907
884194308
548062512
352689849
212834964
639799097
563111587
822780111
186713691
455228582
989165288
647777814
78253228
250859016
435575723
672203254
206205679
90836419
25671052
448515504
89254737
489111368
772518202
491311861
746622240
718269271
