964456661
286945100
837198491
590915209
952188772
746531307
566264296
441694063
493136425
555178353
464527157
850962566
211712031
235366703
180460562
432995272
735219641
418026161
179973909
243038022
64323183
642861919
275874492
187337718
626230235
383708328
772484438
224610316
946976323
947609804
643514406
688008968
385381672
153286143
595521294
680009722
816706882
874174932
871351890
420871858
519973152
521620013
309800869
670638566
890274261
231421023
551290181
962281040
202705130
258431882
747828271
997105438
201817634
776303639
25318191
608019832
126648669
520633562
463237945
350646486
290863783
752048224
268894549
529545767
708443551
591452885
719444957
654437889
674640568
437957090
6944543
762656373
847332465
704634979
164222782
129407519
87826790
364588065
583712414
153383561
203434643
720857536
568772972
340852979
158667519
498427339
698131593
40675422
462196575
464605445
707367591
534006530
551312167
905119982
218276581
251897300
745742122
315276045
899604243
525827922
286353262
842198665
73205426
530518888
738626876
629012524
418151992
378099991
451409986
792967362
343231710
761243800
763932408
531696956
178633074
509026863
586840448
290889619
38412073
3566711
886403428
976762167
719849287
285693967
993610395
501060102
346213300
868250124
698651820
256796576
629045241
941408892
364294408
845099251
579318496
484748157
862542387
220078196
392364428
75037388
598947225
116216171
166340277
773904684
733903708
859813960
220450720
347929259
741759148
396698828
452382698
995492649
151987699
636844440
747311050
234862770
721149360
32270506
816741369
547558400
986113208
403220669
604612437
909499804
974155658
532124741
580704830
378341401
514111587
157256150
93041220
193057475
467479436
27879953
664065450
858902392
626940788
431780792
360841321
991088542
228723066
281321495
531089117
789875950
610993968
397923149
56148112
526788534
585114583
387346584
38284517
437175712
162718679
488564753
295374266
828127839
84435909
601174718
915230237
924279992
934772497
377845095
620063940
49940625
835151023
890066604
341446997
723229984
501328013
179846034
380072897
59774732
746217984
189988503
451404638
124386718
385460246
750342959
273499630
512470790
23102578
157919804
571786487
128042043
402953676
473727010
57629260
789548841
833879005
890237033
15877940
624213255
413793566
961873551
381404350
21341099
57079257
719088749
889084785
806884529
439778448
163512841
35022089
156113144
63874984
360673659
489463683
59950176
12737786
206441466
711314853
605883520
875164434
202432911
59247171
414192162
715666084
850261332
633419415
595740709
390190403
326678200
364567482
651527191
879783089
302393232
780057517
962092912
576601646
163664683
905366939
239242975
594250143
283977445
548921954
350877402
387185767
617662540
197815949
481227030
324352713
139904415
569600923
972227744
923098726
305042892
190191972
357146749
528350796
677392436
878006137
983901818
778007421
584296801
656018320
127550564
356153400
123932059
551569834
944562476
865777418
818491630
853920817
369449185
908123417
695431713
164669730
290697
612755232
439412155
866136708
301403430
681136197
552641550
615385573
592774411
903794129
641551716
369904633
904159614
240078623
880327669
158965791
459157432
49273347
40690585
102110494
414147162
796813171
380857470
342791497
382645707
100247425
819270880
337911725
630253145
909907275
888448137
769123124
713401170
832881752
767298818
786456713
853456812
281079388
21761971
278632067
648654970
207920431
852878735
672196544
303461141
536682241
162066787
117941481
335251655
506916352
117467168
233242697
582567449
590206956
658131764
798319256
419205375
5141662
786895732
707211442
241939911
117422188
361350076
203501024
257746413
518853095
238719142
149471544
67066024
290890710
757417306
751138263
250760712
244577379
983954429
764135850
988100362
485833523
729210242
96345836
128858163
558713949
217723243
486145014
440088916
723561289
424335835
916158615
339689771
102995279
268002092
318402677
258732045
76967798
457966491
720187039
95279676
290114557
990191223
233061609
789852725
369284834
164760722
377269475
95889828
417714695
632808923
627120626
573236648
828130509
127289981
531449540
554456843
338822025
646334788
151141089
419814099
444389977
238988514
149863302
13153755
556662412
815464026
118733577
721902230
829110528
908567733
858777378
210767939
295157971
456094536
391980881
854204836
926436747
375380238
607796449
543722054
733431994
705277970
707163800
947943792
564492613
856809646
23093911
810594931
100016777
952588899
725239099
671765873
85499574
363064973
83705874
127544226
554897583
101479818
762827945
251674147
150364646
609497407
31645421
608073579
308539958
293819475
63722702
868038967
493394488
562197680
509825773
344316102
656851943
685417401
427069204
391812871
376996389
725748690
525352874
822498818
798226844
638147908
423983637
599354285
547422766
747184911
19048728
590597345
528197563
52252671
142426580
143937669
108515831
303193742
228905424
632940479
736606693
269015034
137487099
781535604
606259841
783779577
740641237
839988053
267373471
652991227
300986868
8839281
219362762
813375494
996765959
261792551
613866838
407300851
63422257
967956167
680134983
520681789
875143264
500405977
64773824
151890316
925046044
647257690
945252910
136810537
288253580
698752725
860321897
535301872
62456656
75415158
212694693
52745424
2655640
296507468
173769389
109148589
114475851
310938468
545187495
678230093
540031426
42702777
580782473
669421841
584966682
65081863
569077755
487032394
329855199
43372411
290449692
811483071
299751366
504896682
892223675
97390268
304101980
96364378
579878089
945139495
924495250
979528462
726464554
833785146
288267435
85774430
627293611
151146570
540139431
505996383
496017235
772927952
381216662
120171434
799776046
199213169
440102935
891503337
562965966
902885636
571799437
525648231
559479298
503420407
258262160
556234602
578279697
34425699
23565213
17669456
663790660
311415877
623297366
933106843
232169793
502559125
928771079
448007965
832422397
96224984
446086536
719425450
79656268
187844282
107235117
158670284
394495913
154258020
499552908
473679750
859614558
678289463
30195444
327538803
528560853
116665840
241681678
689354312
120045065
20098894
662603359
251885479
904167901
153987866
144107523
540807318
190760079
589673036
463749804
537726245
297665044
533407392
190733914
522784074
406015477
556079360
517761845
44768065
93057185
702549983
643765010
533825263
429766725
974352902
554454758
462945973
772833860
20483151
891436482
416103135
266430959
424604391
764375934
940698636
960441088
639953355
733290223
649300611
389725333
816391545
733570111
280810618
259309629
356606858
582222324
378441221
689818711
536787525
525675933
792363338
131127980
390628595
517131387
162493477
872776773
368813815
821330382
52716452
621598362
69386480
860292906
234996369
260698925
726788364
260348815
404422087
432139364
762797568
154935196
707045894
261785340
275968686
815669903
73743931
71454182
885726973
700249115
755159055
340996208
893476404
106080725
13188515
481446282
745045430
169442562
146285227
843085354
362382013
501391076
193561071
891780474
838400279
570217809
549089874
290370283
611654525
463189231
746002832
208603107
315509020
27473899
13954343
647544851
450412732
72737923
869987189
676679978
301723216
401352142
789024233
601447476
574096979
282454145
827845851
492447569
200675189
912321961
477262663
318200233
306124649
312389202
654598245
265764244
707288512
677451731
831341412
643338556
692644281
904670909
669250925
4765877
603580310
63884571
197246738
988147127
273239668
620256270
39199753
238208774
639835341
83134548
326884360
64839899
488806939
220661823
565706988
687484897
53188021
184616925
170594703
887238012
284266391
227812724
112941824
142976684
785266680
102405711
332187997
508508837
686161838
616093852
212614646
100745424
898029782
203715327
51128498
539151631
143222573
684230732
357862161
625351626
102616273
361366151
115700915
734549773
280902267
247646767
933578202
646519645
633596927
195088196
253092750
928546114
799779115
517461119
448788584
627175316
332083647
91212614
514916931
405257187
729238703
955239051
767477078
697370923
884851976
357707734
463307406
537221729
630327314
712969382
897357111
908177679
233277868
311139057
994597273
188959779
267218432
221799791
861003151
517262285
539761570
944934543
492822287
111376087
682584944
862636568
582545536
551101013
400341905
993026842
751490746
366258363
75622346
496165993
962349086
685906800
785626846
72143069
773514983
790916862
283229267
598489343
690869349
228471237
491343659
880038230
654040429
845890956
882592505
190082273
809735860
13764618
639704062
684282040
418878408
786924574
196030390
106610719
919939718
330090011
441114934
325997710
738677991
927715293
680104314
947897865
316620868
655693477
28283259
627983577
459134088
26760988
44905357
582625031
908917840
268874562
367566288
279141225
863458159
978612978
421645622
93906861
192509892
916032633
168159916
762837865
599235752
211640837
388646010
627886779
333893536
900661291
503314255
102473047
282453525
156616995
451338713
796752380
403542551
327099421
598380937
821880088
949088125
431717385
270486515
177500069
17087215
381487829
630540598
161752044
31204498
584614290
933414694
100214628
618718376
934769185
778529272
190797573
862143873
321577829
401082607
558249909
168097181
633676777
832532661
149031626
937816786
799484346
721683398
425331531
339432059
95994793
535121627
973734214
239716587
922245055
335483975
49087069
959457993
975490589
378672832
507073113
416574575
735216646
853777541
139511774
727816880
875829342
196813670
414677041
28366223
873258069
333823519
259028808
659285136
415198574
456963161
22682488
830764275
341263679
655225666
719995873
32646858
762212205
195907401
141536664
896284472
462995504
573644431
212352996
229538547
721300319
54139172
937576009
67460598
650796641
587503024
997810594
115091251
613533906
552260087
442545663
846633169
105105763
376747001
769068745
888619533
294752597
98975924
423433998
380216236
666461997
482394364
521972259
304718702
887059222
935065011
498488387
405370447
953365322
762248659
315850815
647048323
238300757
748210686
669396938
88746323
837072557
489427491
95148734
817706423
430396967
25772183
927193015
506006254
277050405
726979543
283255837
349132398
597398917
627125087
180240054
777050299
712003629
361983379
182992106
360623757
850707245
871942296
863854616
751506529
921047259
822861594
592437919
821549317
376291697
307400368
758553736
850150623
228109007
689225507
900012258
135099323
634011611
312142969
459567633
910315030
492150548
865272096
926074316
430857079
246090755
156131029
783812986
428015474
443521881
838976414
290883785
496103009
704346573
738513684
861667044
600703829
54387646
203766603
649428268
135003509
768820115
156506111
594418805
609776560
980950389
692458393
725054600
537403728
164765932
100482245
572314275
365120900
425226987
546379033
923479885
64948852
832987270
153707152
969163115
116940524
738448465
887693400
292595184
982722943
750250881
384673169
952396735
621653804
756099945
491382348
206801175
277899160
45614225
58375499
481920299
324596195
786012294
575578517
278798658
687642620
202698104
447591605
956920352
730245680
665371805
544907746
127119046
751977756
475489487
730248846
966868706
510435284
258079306
417451223
225045961
445678100
652627373
95267379
681224165
846380005
708689913
392630581
476998733
668381446
333282738
152158808
639887312
653424386
848538764
641238811
302925980
87247040
3792327
91001241
937170024
588226638
536869238
995751000
402570380
33435411
893948056
37445225
380734092
873152895
292589389
255292893
815456215
877398174
176345978
352488651
126374585
101991975
455664589
748954627
247689776
924291833
129476032
54939594
839975820
48765208
656362075
381641327
533659145
627385988
557592682
882587786
158279997
233983982
868652331
394076344
326922979
750376535
718830900
69180204
222818697
876564806
314654230
272231461
233945006
825041989
4824400
389804063
7166435
513931693
40062291
222235106
307416153
767168079
664456959
223039069
224146607
891021464
738335720
353588561
366109330
862417120
563523334
560828441
959611209
145704644
857336637
62809350
468046063
851195820
773860629
229820558
428208590
179088110
611938454
572331615
266048867
261226582
940770290
501456572
909401602
782579455
966456938
920324212
908828606
770165414
737732541
312524943
968497447
374402063
102843667
465064374
165635928
872843752
182647442
436952045
625899817
53079284
54830012
57010058
845728929
193421233
297791687
395132675
92501237
466463621
981613882
510751022
615379425
539425135
653711182
775131965
534044536
284547438
611188900
628091439
789651960
356171164
83209447
278940389
500913853
900163680
951891292
133395712
496382164
722457741
551016477
517190370
451271388
328859180
40876835
421824479
318815555
255958533
68619776
385931802
687262024
825767842
28566562
825105591
748113588
212800400
130797461
663063518
456901708
469892582
49127185
225553494
976232800
606732466
755635576
458836629
475192675
909221646
864059522
46470690
569273863
753807532
97550787
584211081
715714374
713695822
181768234
213678720
530542067
48947760
774814366
349395901
435617064
992788820
105551654
48239248
312836472
210078302
566471190
742651416
922085173
384959916
662031363
651350419
833675729
937449561
390171830
142241170
932503243
537549623
78042773
278558779
159707803
42920662
358377445
895354752
609465933
611191094
534465057
600170847
670622457
750603075
343505817
35004479
585012335
551816612
600926554
20268501
722724965
71687427
21482865
402994291
521482303
655400925
632829927
850185461
100434240
90418454
254985102
94854106
777302543
672615707
241858654
20438440
962098580
893084050
903882899
709694540
85955764
904493164
32514608
251890012
954851781
861418437
377907494
829428332
525193603
441042035
770184624
743935893
152422410
175749535
372042237
403434493
331953771
429407431
658894151
220420201
71740121
529455580
180319531
452259605
964887483
913309536
890391475
137987383
415529156
804171885
441862881
425438766
630140920
141341359
598403489
751423881
321958345
292471760
389494880
630653749
131749206
265197610
913758108
227586916
139321012
886376855
48948706
54380930
449960303
605015355
284770742
450075797
600361931
282327747
101738068
959242620
995808201
808704160
487723951
786869359
560326216
312766357
968738309
338424473
884990040
415184209
508224668
299659450
379798000
641941761
746777458
328919442
271020180
115984253
444426180
435328631
681547176
250038519
713514656
527097452
665660143
508464528
202937027
608979725
7531705
476057466
9720614
301044220
491706749
814799244
166832879
660365889
283779726
807865175
126967942
446261115
43802659
323129103
573810013
915630846
365359646
910563303
197463902
621576395
323901207
571040310
117916531
416429758
1811379
138416854
469246973
551152386
604805471
284632386
210296107
949660144
150553606
288949346
7261848
995715307
95940232
887800685
778815940
977443812
896484242
844238635
192982539
355463174
971056739
629079904
594328558
501051478
81077276
460451804
199623554
490914165
376022071
89974860
192374825
56818217
181386696
698808766
447892025
366366432
979402220
923233366
719423284
333133823
556296221
807809377
923217194
660493343
243217790
668599081
926404311
838907454
898317576
435210971
304961988
863363604
728677517
946942129
201305711
729810925
592165697
73879423
264364123
884280716
119451830
334512815
649450922
977329793
443105652
281443847
491718764
454842725
419246863
553176118
332814672
779864881
928572815
454794831
736456249
285001809
362003254
423220087
76114191
95151529
103552467
670160740
988614606
730239473
168067987
371608492
847087513
361881487
608356258
272180897
701659993
780865635
236489008
579783875
882821538
886610269
812455860
353215002
516442903
705399422
433452242
588508133
257368066
706981496
45535525
104549745
979508276
376366496
81488327
647792504
179209560
738291744
659355659
429101488
995871866
669447556
855361267
119181210
764548455
216496864
67646570
516427864
903323881
21469966
101265004
647087175
672515308
492230923
389645407
392099496
159311056
140830991
533679046
67459888
444111345
869952659
718776915
375995829
372619719
131598429
885727200
416016216
92173126
926023360
217432418
350071037
244303800
625591488
761244939
317067026
441578509
617229339
759612218
588347577
440820026
736566385
87170290
540840334
944094564
267153619
695548792
493161602
219804737
304528274
287138471
70918472
518043788
885446833
541329432
251211152
379142678
897869279
77639606
577337475
252012476
37080288
645524239
422405754
903967025
517751810
609039651
364143229
554390141
336756125
932650608
150481484
142729251
988430524
21502779
424391971
35356644
427223956
532966698
233414937
788158233
566219699
430620968
895401629
117428087
986717857
700931141
564994304
817423018
868409446
567172196
485123168
320282921
389231895
387985900
35458840
875274802
758866265
264082750
849320692
644112935
748821608
572568280
392459
934302774
831497740
356493266
260256632
139164524
852834417
42547886
521670148
64478940
401288341
37327486
82198114
897173070
114612940
25060170
684385410
964053014
149791886
129257012
427890530
835841765
58928489
695581417
154334766
46772306
944858297
18755240
776391961
52135826
205973412
745307605
548819327
32659701
167401290
121881812
873275795
161053309
705899343
773989094
894769478
530961549
26860756
362112093
705931709
353592650
835809761
905079982
7590299
525939577
214711235
697343296
235713505
525828673
872149654
96378457
24803123
632211003
836863119
340200740
696165337
285603993
632177813
233646262
950511888
582197312
972323817
404562192
581265839
948387695
31329619
522903634
681351445
448509401
266486601
841070463
190490913
710127053
346327770
31662480
237411625
934230421
951530628
887666575
527876365
756007315
219225249
997886997
212623012
647204159
705538769
558130041
873411668
367308314
84533237
774151319
431080903
32626152
832483302
889351767
302992645
393929712
898062200
851319844
867097901
995801588
780038200
166813554
475171609
473275953
582932923
78797581
649768577
852119309
343914494
465306217
75385196
434063281
862773131
168545083
781240626
209870534
396275506
369736333
353629364
533887042
521724306
88276680
922175899
216304275
872264487
628710617
300613747
761844966
771541913
861446028
476296483
667068067
275399813
53863329
766391042
308145832
519614073
538797462
817612449
436188667
133691569
806896551
408483546
422389824
590442130
790420644
516270611
386890602
500377151
496853961
107000824
294187321
707537808
456291696
142830806
493635546
656736723
329834316
395037553
421857089
858242424
358767980
383079964
365784476
903892809
337669105
410026769
960595007
78640675
168293471
254333779
291901734
37871796
216979669
208251780
340906819
97279076
164040989
444577686
983062159
102323240
174517473
971112385
932990568
426249285
22341726
770707612
467902554
600082306
848906031
620637958
566052173
822070141
769551910
288477495
219658526
845574682
286914613
109484020
412002614
980944130
578814613
911560583
309074085
609835404
802055306
277963681
989275023
164255345
394273388
506625975
742067979
902465663
196136126
96728544
74900017
863179766
123665333
380559046
910287365
752383206
116685924
69266208
668092906
532313321
594385323
226556532
473538348
273902126
256305146
91868907
716245748
995037842
939095269
732275610
415356160
961116011
564327919
229503524
93179980
241364160
812384176
419951472
1091981
851145507
296231239
455221945
324162785
49930341
241050473
72439582
724925886
75766808
162209955
631890347
815032797
733351885
94203900
835783351
466687686
841512485
940509833
927931376
559785492
228082606
816219701
332971272
987953287
281671106
98854129
423171512
716290811
270444366
922047119
365882298
314349814
434922468
884981255
497949074
98545031
95447201
721369557
783043825
623170890
760745913
690381402
189958962
415934362
257070208
979848293
219070396
52499161
239786297
841648371
637214952
848432990
633021930
178545518
663517178
623882256
241326746
539912675
919807641
204548590
469892017
886050351
5938073
135970982
167021585
465889296
603767120
441135709
636359778
683906511
285338548
131262441
132214109
221201331
677808455
80708525
726283841
723402264
298187626
501774764
124707503
637931565
14764768
475988854
190957586
967163075
355462760
284262466
755936337
403864417
321947337
515783851
650599622
159378501
973863890
281574724
355542270
52774990
321538840
47466045
947905564
608499073
89530632
590180165
681371481
854443396
587082732
253922161
827699887
515267986
314253843
591701863
268865314
850083435
269539424
576338634
589593059
254058058
982822131
392803182
946031843
325741163
957851788
85300301
91377926
964009924
171477808
292958131
970003963
916745584
202493965
570238558
760090959
943369325
380582265
725512723
733782482
923853963
172147838
684074867
313924635
500695773
63875766
575071965
521992597
593395984
113812421
790024501
838014058
825501385
526047393
86734183
659173869
287851092
632231785
23091451
653319432
895101097
593554813
628094741
954450468
880364437
359425672
600786594
889106504
98677521
341128767
636464920
355483433
624188104
147739863
123672157
536123470
787734659
147777987
613043835
473452616
88349483
696563211
204981668
683894102
670787284
814688498
789265787
581754347
830089233
931531900
347334665
368128235
578428129
15433091
789849918
349414690
847062645
119457326
634781921
481360547
49446922
226182141
159866628
214511316
681450715
813330803
375096452
116282406
43988523
424254006
540928450
15323052
16216529
895404255
344161353
789065777
570378779
760453149
121024520
600526313
966975087
225484222
263731426
168512209
731959194
170942076
757564917
473568443
550577603
561808049
554017061
253150055
842124597
419628491
382926985
381564654
668094656
844706889
79007498
50077777
580725638
857011751
595698046
924771317
764911432
791054559
670053115
522148851
678062636
811184131
22910426
391770378
292225523
541876769
605701102
216078097
551797623
74678583
670856073
469740868
591496328
347124881
381855947
208414033
489115240
119703956
883769430
789555821
911815224
259733298
805636923
567122268
457615509
299086818
881475033
373239341
87681887
151230419
139128703
954013353
717268977
356644328
363128658
584138145
841384102
859261726
335110161
260280503
232727088
94662497
795567660
103009610
13520045
700245797
3424544
500250393
81894388
87292781
612907736
480741840
624146149
277453319
345114926
115872907
722717651
256131861
523712783
524406058
693057893
759319067
739964490
985075336
18991438
214086370
601882106
942680694
988454759
128747109
762472574
452540287
424007720
372646196
724580430
795811067
5643157
81060950
124866008
390655947
451590877
367101401
796781852
259824308
93497756
201866248
882308966
365592356
895728037
697344963
865596684
965509434
968991703
226239770
176991480
266625070
588525805
431571437
304873308
694526938
903524899
554269486
321911464
545567897
466641120
980681365
294737516
472518732
19753703
908000298
790116090
717546654
595764414
443822796
470053546
263939477
140227501
123552011
643305329
21096213
438777143
636539898
255034640
440339827
950929449
48102395
270999674
933001709
296411479
59548520
138135024
612597345
602269524
322148343
399475208
873403357
729657273
135995934
1082550
294597843
539496544
440314067
586768023
140713009
861664186
464832654
626535856
584000802
194203269
461952347
802944477
836147484
900763869
236808187
404030236
991626457
944679429
217464382
870857872
738094409
909212178
620295931
89322897
186165687
833458635
583331202
648254769
266370216
69026789
642550555
279683695
279511448
658782609
559524191
128100033
5093200
913031836
183944470
858873383
891910480
909430226
405041400
611468305
880260359
219268614
468476384
203005785
793411301
544976158
223827518
55050596
292834800
551485047
42032726
682097443
23478652
933010479
900992327
960252186
754086885
696325003
316341884
662270574
787898481
706879581
59811134
673350925
415208306
250222128
439467722
554529081
566111958
705661957
102844284
700906314
166225181
268125502
784116127
796047794
842946934
36545660
831008271
576423
263851472
619673668
116037454
211682582
948388728
293467171
160686661
432636423
259104720
825733022
732825228
937060527
862057767
181011341
484608123
29048689
508771835
384728728
386164491
990112738
202776043
317708403
217263096
111872331
667152006
545688837
813231230
499234689
192230074
414226548
513239941
991485880
934382742
150696600
407471855
114532499
745533981
607494692
275510186
865465085
944466148
904706511
85426075
542962126
583523487
6842596
753757792
869725633
898148417
115548388
631862493
45421411
577385528
921721191
567077347
92433094
952152871
67055953
106837323
775224961
817862003
997590548
807303353
818887538
202568215
919775981
15364827
341428504
511256868
923216809
922747404
256693793
174668291
987134780
337752740
285294921
22804959
54457173
304717901
417426057
61872888
425921193
199673707
996846718
672565204
650246677
293403741
949699712
875503857
655536465
717075193
511155972
972782194
572079481
419123712
292888507
363621143
897131407
600303776
341820986
25159538
255280946
174077599
590440940
241190728
640227301
364224225
966591422
893983685
802680597
845424357
11629804
929026373
916445887
769664239
139585941
795775320
730648709
662712056
263658825
275131089
361210371
888208549
871372450
642651850
933911866
742032418
456472173
138315276
381160068
660340888
562372982
591566920
384815660
538907660
247440947
698694207
353445929
282741121
307653749
422575093
48346018
181395508
494650920
625740958
469611379
180624920
917590933
715212295
354737125
583516966
74959794
540411646
615178907
756022793
500903502
955893055
583153097
850957184
298012911
888014946
884263339
279896805
404589020
392978681
296524995
415800043
86917081
61776997
558133194
581182710
38684472
637242412
709518489
688286944
586457986
815811668
389712107
446457879
487912375
750190623
865772172
729224976
986923261
552820363
859051344
554980722
76580417
722091301
158367242
85935724
235072620
253316769
548800932
602718539
93112507
144212725
586103434
840903183
604619919
173434046
400621843
256790120
404351596
865278597
756730516
304064990
301133604
241453533
648021738
954382125
353279757
447908126
850536317
428524528
684352584
889493672
416500245
200655547
924103940
234417233
483054630
481467612
468409873
494484584
69618547
478155136
450286551
194939254
557018450
82006232
176261273
890515706
703253162
87015732
359004603
398809522
481566244
54368632
37926351
581625093
81393234
741065827
825581583
952956982
357056547
472913131
60191048
233098782
568804244
511853917
832418885
470668999
327083874
418012369
548500923
473718062
441875726
341925413
867803689
921406834
332198772
249115874
368831007
304642429
820554972
891957034
919843787
644189141
886939946
570390549
359456743
625239449
330855318
484598653
32306955
916439274
995906958
938575968
503538366
767917440
158288530
544945646
663590304
481448277
113444337
834425650
679279824
434895937
523769001
377499039
234944168
423046186
457192395
257191516
561052682
562233002
163475206
145761561
305692929
448794050
464909257
2457234
703552507
319043873
355577890
575299924
479334159
569035142
244767502
409490370
556233079
160198622
787150558
112044101
703048297
128063726
10004822
477237882
525173019
660410763
13167461
111720647
464395351
877862733
98681239
409327021
415621398
102812325
93933312
136211815
389307841
554870435
35788747
619221089
242312901
970442527
718899969
12933928
292624448
650650035
430231646
247426094
70424031
796400311
195950433
884148654
676722615
525454946
416203207
223131824
516962432
916950544
411495648
109364021
760499624
222524970
388919409
926173133
327045298
266262838
634786698
166841553
340650473
298222325
84713649
122560289
2229956
834971238
394680715
159033708
852693921
691567354
761848889
346632666
820256404
643222976
76562389
447899777
290031820
565158229
381500214
209833852
13501046
286891379
948909752
244925068
604899616
367331557
177823741
631781498
61691607
483201973
543398544
404134149
600300439
911071684
298385830
430302515
292619909
364581380
223992486
103974406
190904778
656281925
749841494
90362889
306557711
501519679
14316288
600579883
671137707
117581637
778482597
517256196
168589901
745712524
424729459
359125221
120710665
460467836
254477752
889644360
652393502
688110952
224983280
590213040
621364839
330563225
553380781
556336142
583405091
176482311
975168688
476115711
156506189
214330362
359335429
142051351
891274429
266881047
810925035
418663049
110720412
843669849
930527084
930288565
902841020
588868925
701636565
498006410
647107545
8609650
927264921
742002006
429410644
366549998
667756772
335719695
442675297
259667691
801458577
232674599
238881895
226767521
812589103
703326651
864974055
151382277
991500014
707488579
73288467
800177525
388113919
664754146
657876088
709791335
419042226
616775530
932557055
527763171
65511223
784612277
824746314
943639168
74169350
566237090
939870970
937417563
313537593
291894377
895465392
303235615
155076738
531930045
221710148
965273563
235955136
393810105
763669087
676603423
507829129
343867557
79824465
11577014
301861864
627293542
289723116
635201846
156225673
682805570
70263931
148221680
915293203
170921691
543347364
167322119
258873816
728507923
41748340
436534923
6598707
245901485
639223332
272751
185056597
746256269
264532077
439611162
245154796
339170956
928657107
620359193
843178418
118316176
785010028
766872635
589515124
330210780
834140431
801601331
109002586
147477228
538522344
925241339
438060165
634660517
647818971
731170612
143685264
922321394
64938973
553949559
69114862
590721441
278927251
430347991
74030259
980269910
601098502
876273348
361087618
135769553
307492368
45288580
286950365
503864291
111577249
497718936
549887117
14528238
712355074
642327124
858862674
898477522
316322356
215182106
122555592
833293260
641740555
75642150
486697779
380852283
410778991
60473232
540023746
617403787
667843084
768064193
958486756
222048034
238172732
191931169
297143292
587490740
916325767
91081602
99205386
901350067
530525015
572426990
500083777
484694599
996746281
378065553
412007985
156786168
423774367
131672887
227562375
634108073
336951664
512592786
732981712
122855936
556285893
448736487
769067061
24471045
797080307
908989556
336747509
955106174
617372989
188520078
844415344
835183880
757229793
765404700
405839560
61356944
698496845
904497237
221601437
447564630
386956451
165800547
386897274
728848460
380631265
561337389
581820522
655791017
117587658
529932461
904255387
2414672
509864609
626520572
644067082
300400724
567683097
378768403
300055659
429586173
879393259
503241417
781174689
116330642
499658280
302524351
539444083
122562126
613741096
515099553
76207336
560504858
670841289
821102809
812379983
679020710
416570428
231605405
515734607
131089664
574957351
27424855
293181724
238504045
392164638
42981068
971742547
897022186
424671044
721101313
340966497
243740780
499033309
460742510
738943140
11904479
434912646
912941042
700610988
156035745
376339213
241286150
129190927
627555249
625914163
8309073
266198493
23243130
579638716
616251451
175961794
685432970
725983554
829094271
260422337
695528164
654110537
373643733
472423834
617815628
259099709
719006622
426325772
11847334
302845718
885551772
56861304
131906985
984133719
799114947
635328641
891776533
712801789
924795012
502643665
223336999
844279927
505006574
52000165
992264663
224945217
398958708
208985531
689123264
148355701
907229802
90644037
276028119
427642031
438731327
779203748
610170489
332396695
754400487
708440514
812706559
483334393
197983797
295203229
541393977
174772741
880118817
686928404
85006012
967930112
183233474
720718822
67591030
122689714
557900024
745505794
956831526
106719089
193651517
712204902
347957092
981805680
818899640
492427016
274374144
711138012
225746283
258577244
128008013
878295398
782228537
853083951
118481786
965931792
75151849
913562624
334371653
705894247
199721745
912044513
786329743
668516649
612878725
793318094
926439638
639343990
774574955
537464614
941883551
528621153
424149299
700349550
69579869
565453177
22013403
902285608
831542988
455589468
718065031
133983464
429896753
535245897
952457515
847917583
718939762
804952438
841855246
146186536
508079156
77645671
958806804
91957975
490024603
534095931
569459790
182305506
734299296
864031756
549984512
892766235
487018599
395372198
296276732
643983534
524877924
355513625
789742085
997061353
80643531
911003248
621630341
628913478
995306909
857013908
677282214
742275413
551600840
379871739
728082831
524032585
730899103
866183402
796052344
578843768
638898214
950307691
284746393
832752018
736179361
722864803
986598150
788762150
722943432
752175991
122935749
586565851
378303558
38703358
593479770
32877573
435507952
844368093
563588701
876999697
509358756
729166904
214568018
938156254
638223263
398465400
354996959
285830187
334424029
991870847
899040737
275379355
465251568
381384652
147738664
674629193
367103278
3848072
885978642
658769348
857235932
818804795
669613639
907670201
932859399
918289945
863252171
848504839
506619452
477687325
463973817
931114412
828482842
756098846
308930760
252356355
760454096
935748768
386295862
912538323
954676746
132578543
756266823
272957604
596281506
401446987
926636050
865990372
506891857
559390368
98041512
313048797
577369013
527153101
61856148
666066352
273558897
479611832
538004603
556496198
703078950
143430342
422215632
190800817
301295749
708276799
64531492
130387948
329708400
485469272
941154056
777749232
749308800
385895660
834513944
620819817
543213975
869437607
270037966
679642670
230497920
218269776
321069394
616311901
519200396
697574826
476721584
579702370
41467857
780033338
863330244
295830843
422993026
396324914
770836669
363684485
796490519
816639400
546500493
733131773
140224055
233110179
439237643
788691694
40898556
246873495
518725911
71807882
23646098
392568467
987237277
791798316
319653671
92062311
880629387
987192867
72356871
555269327
516942475
805006846
930439694
660334837
13274656
670768367
211325200
931364557
885500272
103006549
772412443
661033012
656639348
109120844
39950884
209062099
514644611
189375471
117965558
270695493
37483281
409444928
786397743
729434590
440168550
971670295
433450408
431349566
200571566
177350281
402374529
40376763
20029270
895325596
194047399
643537420
39313408
756662717
108298013
734941511
772117757
121991626
541191132
785575181
685385339
229565734
902964886
221668745
725957538
953890254
629196987
749364106
197315905
106004303
505865866
369340478
742198274
528435312
991395201
72132591
346386748
599408425
278034681
82308497
255554760
339411329
352866278
743728846
364033939
633032358
216198318
369460813
214495150
829882193
417311292
868104804
743417598
799522618
372609439
182478021
658043163
476782273
50389812
541205147
151214132
71999028
117938646
630819646
4545559
91471326
102327798
150732252
983788048
39447294
620299747
880756294
894663133
508426794
180653841
896585264
311186231
162423893
182114912
435701737
847099021
310318420
216887764
979566712
634553314
216841099
489351762
864877526
657567179
476664937
506895213
663404917
798239547
122201056
109807945
657004847
324853179
731608750
786431683
685605233
713957089
602877781
683311692
356868394
162729975
82458884
933285760
849104524
840211233
49433974
238860684
561663738
823627659
293058475
551403329
993575203
401564087
743982025
267753177
989653272
672019814
957817884
344361889
931687923
353407518
5870686
639006180
420801076
671166459
948246883
788799391
454104767
928329762
229678970
355946201
319545138
837586569
581191291
288254155
981588775
166800916
853079978
705116107
232609368
91809696
927692008
820219495
498989069
732261005
40774770
662537010
934421161
150151957
402663775
36839805
964458939
965211877
88708475
386716017
495544350
140793416
624462188
282031855
602684455
417397237
366260437
542744288
625319463
332499769
293337914
976302572
76613357
759202276
357750830
842779674
797992559
963932920
243464529
691750812
86185567
611468733
355574238
98026177
20247529
806483566
142354074
308440725
826793286
1754146
616764509
746940779
108023164
380694766
88586444
313780028
714668809
318549292
151219545
801281973
290961082
61290443
32738148
707853024
45536158
412812101
32861824
967779646
859652339
654040217
331027965
554238807
570466269
277998165
364991181
354660606
4106767
679243263
344458329
594921331
796408552
643124961
33805978
785383368
843676598
786851265
157467217
6220958
346091671
922072230
452018017
130950297
616641963
796345372
241372271
18465828
96203843
217023039
946486551
645099833
715780380
739146483
821393331
157377976
857361070
161712535
581047057
286455751
215400727
980887546
936790932
950392843
880901377
43293289
213040536
651840163
880909719
230021500
845082290
885339308
892589316
838156401
253229686
75336783
900474547
620303739
684750061
863623647
351498826
448522531
890256048
273900782
100214805
508670330
132433040
794272279
867974668
338971112
887056922
687797715
25198960
716768170
254421891
3468443
581176739
753346133
804602275
629888890
519481007
359399133
726052649
102721485
279633429
404794930
491472104
6430144
540678478
91671708
626815690
597864475
42510676
133811028
368266341
482919717
899066495
24953985
557904221
869129415
879581569
769846231
900149715
486895801
803892844
31748746
391839955
323479849
132922051
202802980
357372891
143442903
380281442
599220458
209007989
464285094
333708975
244753872
799571050
403432859
68243532
733629869
805635168
731233955
906908356
334621394
67131968
419551454
217359224
882741475
595567487
764601823
723202246
76584513
697776300
527381360
947261542
621233821
874605491
520870153
605840494
291417836
162790877
827774759
705323097
524152165
786389046
112627464
116906900
345212130
121944562
952354799
776762095
774883223
590010985
872957054
393266807
68199558
912453841
743862802
331488748
833663697
25637895
402658889
926373986
824820787
139020558
748347248
769510739
960377168
584871433
624395733
35700453
667805068
454936359
324810113
725154817
653449039
425486258
846778734
804869203
486845746
806340064
833652653
217840325
43441089
830146357
728303248
283868047
764937084
515621146
884797956
24303444
691398151
56940417
744946826
338973176
194883944
211350734
408593481
75458347
858117099
673980274
723362490
726584960
599927299
750114480
535720794
118089078
451447977
444705173
434505902
357268231
336742105
606373013
492415738
744129660
684912469
646694822
438280454
655353630
553997783
58241447
182564774
272726560
451365249
438364609
391140688
238296832
229042110
72778445
690696697
970247790
262033301
905125211
617560424
637422301
396062307
378615628
322647569
808353513
303723962
194437294
202109787
724841963
134951763
93338673
520453691
565205966
392388989
382159783
755285835
221587443
302119181
666386656
931409667
996022818
214345210
1682798
853422905
555373526
665288492
373295489
271094569
166737032
448075126
589737238
911796950
570332744
13166356
624465052
355729147
277565521
396570928
414127988
26669471
798562872
675687984
128792367
80454853
718811053
854960104
240342825
628531166
69818521
255861591
24100170
781222273
69946740
539989120
429916672
928826173
152550595
750939273
61369583
29061708
312833732
344986885
785613486
5612426
499296778
765290282
455810114
683051188
161695864
625311228
567519503
29911116
926561518
966305551
188098627
327976532
907090348
698641559
22742636
394953270
3396052
784511124
490727499
808693762
140554471
349765823
343340381
934678829
966033176
476328138
981696843
378640321
302942681
906574239
768737402
496068803
723333381
322562587
110013090
574792268
713277923
508098068
358161913
419918663
841884783
413318448
562236315
718175846
252749406
661241868
663894061
466517375
794007887
855496342
78359983
346845243
854958624
991227727
676595784
512449259
386275915
717504043
443325346
16179169
17935940
15054508
983751391
251628126
287331849
439067437
103468238
367973074
133124697
390968366
813638794
533883913
418697944
68889268
302460967
429797620
656973466
317634798
298917817
704907486
779396281
796215324
303332494
551939810
892162852
434650933
458596403
594720527
525238466
671675694
822157099
756480245
619536913
269812502
36675619
427166002
287729184
327516059
853938617
627884199
777389235
254953648
553267528
743941504
7801779
563734761
821423638
855771745
627103185
467034008
545441722
857489017
891736952
367082695
438970100
323137263
982635552
859250519
266250572
361908904
241014936
683470148
855925322
710500579
486754638
80589036
897924766
925324784
770259680
444516333
948480917
833789905
824426440
318131524
331190784
940197571
587216908
55343063
770325478
521367654
789897277
656049715
76899958
639863495
618192549
907590586
209825230
483895731
56817350
6983841
615188580
758807711
702608205
139070543
299597979
555598256
289224206
435497782
459654860
269617875
487009114
993377362
259896461
388583557
805955247
307356874
614217009
461745355
121455056
339688013
116562481
581168716
920478559
428797593
747591568
968883624
643768818
891570199
535873359
718371189
466322954
581767021
134967843
542901502
272591815
929508420
237745023
115168181
265683560
361488171
974418968
967630755
617424338
748308532
72264137
521330498
535963244
98002970
810420961
299549613
302970565
467837415
183266276
401760656
281562124
563172480
806613999
499010334
224987697
758498162
611462057
829311269
161284068
553405282
270612241
333259503
894426521
776648369
641505579
283052777
411982588
645920316
385635505
578507419
848337809
312651771
867482023
438205808
838299494
418699841
385300726
886199860
12024765
96287216
733591208
109942472
154259796
772938420
984242271
317958004
702995988
820113252
436397573
17452376
735415310
142280660
336347959
850052982
643246344
322399179
720471658
8262154
341409962
508211427
54470715
801775263
382809049
890949311
412329668
449030035
363829387
329491811
890071041
769721488
102486320
111161740
164656991
456847636
220007795
863913995
457752352
324241374
527385202
36790234
305955264
677908586
732677499
538664451
498877635
820458634
169460320
863616202
323301059
402025868
551886506
974280582
54361940
53212862
878865186
367917497
64574954
958951578
806924484
418943869
753480936
950163061
482302763
650453881
321206346
937754947
180921316
86816975
384391040
446564514
884328874
711722336
594993891
594863219
187765519
648526780
89544338
19768631
349668304
124776917
399147670
984445477
624902489
348043589
203002592
55952825
456781908
178018656
522570758
685889051
80738726
491299975
891894712
730268104
488712310
982294106
645316010
93929211
737587016
638425553
224092146
284667080
76503584
149302506
889029086
379942880
185134005
451278150
330164004
925601366
325825389
107415187
422474015
436452371
278216092
556608037
434625263
628052943
978236431
422871271
194365002
225554143
28197772
168785146
157501687
377853341
617731437
870608170
323860058
109469994
73733084
763804163
781123224
212715183
689107836
440116444
751530629
90624438
247550726
950287280
611223793
919972887
245915598
693458530
763206926
850730553
526092148
959815112
460182230
563621117
353133526
958250975
684981252
707210922
872499441
68019882
116271119
622416492
743854750
463819828
162388541
579567950
177096644
471315842
990255432
483454849
578274066
474226423
134414402
913075570
976515883
377142989
778858474
847007295
306580655
448824277
514989210
668312519
418984119
793484678
365378738
5726740
411445830
132176065
591904323
955043131
697592995
286929721
505095411
344087311
342616533
611068346
38235569
882091267
264955948
316320250
632741528
126995085
760261234
443825500
540529270
2594000
171710759
634821991
315195373
766892697
350009714
66288558
488686945
498538755
562389264
590753565
556717985
570718378
451733516
270135811
252502999
770068025
591067293
745263903
428510799
567315220
113256151
457383553
46651317
569092502
834065158
413117209
906222199
294433877
936913911
4426421
609186617
407679215
915506418
707585613
651815978
715810349
841877715
610618517
32707551
496921915
869600420
300786792
194992909
525870378
534626321
572515221
872960849
457555507
475519113
807469653
285085338
254754687
508491757
701906098
491381831
517340265
169616611
384693236
681694844
897625303
885557344
729345299
273044089
919562577
301373980
284835916
100288543
121112871
389621189
519680140
373570722
457817865
311639478
338331794
512927786
818299823
459317802
664037930
188619317
302472565
465189625
990348434
203429928
678908432
556812865
905208764
685586119
995020016
191424381
33287423
531083086
454323483
699936585
253130223
291976516
95186215
187756103
624407510
170433789
812120007
317381281
236945094
821019097
492606450
29762509
429980873
133499677
86947368
934734671
919291536
821356592
906691624
866714614
888911711
36557749
560056356
905861396
41594412
385359096
71269062
95064675
532517757
317309110
162522658
252699875
850176965
473993743
307580676
540962610
12568283
82376790
786942004
949563250
88115474
766175406
754822436
333315512
7058194
905566270
486622845
402680457
252927312
980094327
766498957
237482469
324265394
624916110
664748541
391485419
589254809
673792150
460284480
925515981
821838955
991308626
157642614
715975834
265231769
155064382
35171080
675227094
712259437
131579110
498616629
350801087
726601693
777955338
932573818
102309594
587247292
859425965
323393291
543307367
362804770
274044848
52492863
662752934
475654026
79049970
851106177
593921843
57827244
227274211
605055063
151453246
319935974
980046012
112317616
846795427
468572518
607927826
902315034
540873532
146936402
871874757
586659624
836909806
18085793
121983510
800903313
640835250
602601094
303677882
415799307
436016499
2867625
452061837
736920380
138318392
354942712
343979658
585038524
593848005
230833905
350846654
160410331
108118383
702853816
958552405
476140248
884884125
66739800
224827655
832669485
861572291
160560049
19429175
607626762
911421293
334867934
703426183
708406108
788252187
607327218
176391803
809105074
624270721
582288816
773847344
110127966
384544573
513026085
817252598
817795924
713713927
811458049
713267660
531947240
410891310
532090494
194087143
392192692
557626626
633406365
892476519
757235833
886616543
645878205
118546854
225694818
308329568
377329265
616486826
668312625
613056737
8856483
335510900
576376852
426591767
213956269
736460445
302787278
673153687
984743998
315786619
164137077
961220495
374709710
745145794
590797481
358772549
563042211
8804599
433290623
917892703
763915413
539548920
294064930
762554326
600622506
740434647
636826572
176420386
344652216
893660855
222471002
858448738
464823496
703756305
830344586
516406963
778628336
620063736
500594307
173157914
596128892
896534545
550178336
73519608
837097505
947108329
275877251
994442829
634041404
290498867
454194538
158800496
982250757
225524866
507249977
520272286
847273235
331825070
483528202
873830138
661239369
708316880
739495537
452769664
363576924
846569206
415686854
640654177
146360350
505388071
955651412
775237374
14765275
546554117
913463064
695718908
511057226
422802287
14285614
440670724
557271540
787278761
627905974
892624571
409200414
208325525
677700723
695830777
397298657
276404723
719940123
37248678
513828168
797327404
320857265
872528596
156983089
344059729
779688596
542280767
546560652
414884017
761061890
377797890
427395814
950794712
528213505
724364577
926305012
794683086
871626254
76071538
398707205
867964645
1491078
305620637
101812766
877828072
677264076
527080112
149268458
456890958
278647991
349542118
966020680
998212600
940098265
514650567
380926792
40631630
46396293
245156269
707704480
992297279
41183657
327635400
326575256
33227430
901854410
932896800
921222030
316452533
106585065
575643425
408588610
437545970
174132488
381316820
167776923
679529220
875914027
830064330
59298748
12637158
277805646
545957307
927380301
244854788
380307332
243557542
751532547
603770886
175820282
574983031
579116955
35053617
638723023
82377884
736903087
193601143
441261590
936435472
842449275
703472855
456148112
47200885
784454959
738750418
264367657
867066046
82149830
495413908
809656030
423358340
278732456
11350775
224893539
471497996
559914629
590732375
531444104
475259860
691747728
66007680
514321345
343027319
312740687
14971906
237555173
423869035
699025999
251218495
458730176
698385241
526138352
593519288
377596819
51142111
959435147
373748808
71572451
433359626
180771722
535365912
859091802
304300630
953747244
268503043
560205482
716300968
223948822
175654097
313408181
15817102
218046735
427695233
620113254
326566701
732444037
615051160
465615211
687569447
224841210
568434857
855988531
959857127
387170322
803280320
433243542
106842875
712486884
77166745
932235588
775344027
215872630
660065228
56850783
791206843
474457725
158533784
358926884
351875573
312129039
795891176
563561756
920095836
206707479
889075547
205626177
561041468
955855990
818450227
956546646
409525554
59599621
622467990
399924696
892885745
69259015
953586297
8439409
457226377
508486206
942996395
627501523
184438737
831004674
420546558
978230454
817154475
941097513
847597072
953650264
732709306
500590723
830939010
896961033
640733938
56179138
179651772
419244921
987617518
463676168
867411818
70282195
15600390
227659181
612845124
672528922
882983395
439343234
744790407
846234769
997719078
899396976
108567387
546613030
294352075
700090317
227100766
580036712
223149888
807927515
650696148
368621056
327786975
710595930
173397704
969771969
489978464
604014641
158706217
757949195
484840009
958761018
486401316
842452465
450550004
105413287
10449419
287944052
944648237
572845680
608995186
631716431
229839008
759954332
610440538
639431686
31358706
267798485
367387698
163236949
497396235
807985195
528367920
769321152
721661992
848447647
670496504
368091466
582903886
909642794
156857979
859888145
89681668
623030863
977440660
376123752
256871829
875826298
324496842
720167441
674524326
760835462
689022691
868412278
802725968
566351837
380976525
801755326
155221336
162165891
317144699
974802009
109192913
5405146
303331004
255186587
953687900
16782980
475104496
370043059
771061149
516558267
520751141
377617025
703496553
863651674
565977055
898566460
20339824
630325574
440005741
642517781
479729963
272187091
637530973
333461260
470661690
44428178
738950580
561939826
841396800
269587609
639192195
959120979
879136668
163216678
971539403
278274105
350627272
27547631
323074863
624992498
505447199
877907483
206957275
858771899
319035384
887818996
50233051
493186980
896600831
88285047
265661472
284440150
555955448
555169648
860053070
386128070
547796107
367653472
676739662
708854506
101470269
437661395
444085949
318348606
880626925
650778661
494796969
650908326
334420918
717209298
840840138
348365642
808249563
463453481
375672642
77978174
30314765
885269517
630306258
487039948
937502985
956409957
781441525
877942228
444872611
417739915
782181344
769163721
321274451
192268936
470180035
166615472
359427527
511445284
903257940
787260105
931066921
417615960
335957433
686341890
717367872
521211241
327122497
915932529
219341615
859875039
833966979
503265190
755969112
621420824
668431998
718724632
589528383
504571838
930219765
376427883
26190132
733234568
222064750
937186679
242013449
163840064
962656476
904455583
711773207
415359380
737375488
890493787
190442139
264962513
670643069
118491655
754259884
23336525
739709267
190348804
913652554
170353989
584837433
316872128
236783765
764995725
80963231
264363724
638342745
767913934
380733211
258453545
390886579
373299614
780103447
446729020
484511997
962365312
683939134
606711371
896128633
805566129
704798560
157705997
72716508
620375282
862498904
684584204
411394894
376073970
716416646
968082946
796637403
321728641
963292710
207767818
101625969
274712758
406486647
358725794
630589802
660380463
508600031
459357666
65964984
532779301
748690064
305793268
724255650
120773784
672174857
771809004
556343139
794992376
667442603
177141693
766937682
757644582
320796068
11012481
158200882
99310958
877490755
414673180
68729650
66780754
898251196
499004393
267504217
470564148
931538422
710625724
323039672
118039205
589908471
56835372
721367556
553460874
631005984
971971239
279476882
889279957
612072574
46040494
419066028
988120283
750159026
361956897
671813627
830244464
57221001
717407626
81600324
52852439
677809134
72445316
37092053
422549831
1658697
891425435
638364679
527911126
994417755
839427223
846537040
938650103
689971093
779318021
702869086
803191820
310207765
671702573
280747866
713251872
866319830
877825293
125712753
689998470
968028870
895769161
423768049
13302670
278035144
723656406
783899152
519140248
122562481
182778596
460804393
52604060
770150580
438636736
449074609
132575052
106962555
863389503
313129037
482662837
48920226
817828175
235107100
774459654
887980608
354181292
249436900
484431425
868378059
936070052
634056111
4957353
568203457
220139906
448317667
979549609
295646915
173222685
414135609
188256106
350575096
368906454
671581743
82565137
539637105
738527311
797610094
50770772
195758732
213480250
31801070
763249102
341953351
786017425
482147480
86303323
776722205
946425801
946437059
718419542
343603728
188079798
472467693
237049020
62264116
105404782
133091345
762696148
338849272
357327339
162143968
635769170
598878879
369225348
700273558
266288098
866994529
720379339
921248573
916140855
514071024
634216576
691278956
726086690
912007178
801397009
815638373
959344068
230287758
368589799
928800186
46120607
951743196
408941781
383080188
569870179
117430798
252987926
807733081
939708799
583935875
144106188
831799238
783781861
693237555
397462375
793318359
120214615
998137122
527163247
815440106
741074857
886656389
704352403
95210269
975969721
474457710
761386554
46198104
785332411
423641068
793106925
865074939
769687371
540798644
795312556
288499156
523335376
214682922
122173462
251976983
347775563
745173278
643032109
281785444
13762229
353315637
610307839
404654577
790918257
906433600
391280569
961404435
250570834
859541294
100066272
112441379
380002324
465126989
706961494
735873484
65494032
493706571
715731138
444383161
83275460
232466429
927175021
440806483
189206229
333311585
525897704
966607177
108586235
685164052
986243327
631172948
237886308
184932269
937909806
405655681
834611030
487223551
856226355
898332315
362380744
403518690
804257929
589076916
313532025
105707616
798676992
85453921
240021363
856127648
707697898
677034203
533979934
953123061
53648058
943656715
337957673
504022328
891222829
197220322
411422023
967860192
395405315
503449824
790077723
92976344
670466560
956779716
467793754
374779519
873420607
47897206
912605811
458692077
138254658
44085486
584685062
453823480
312972082
206453457
524343933
771902724
554392671
367531393
907450018
479975299
422971005
612413513
491572281
797797512
375296994
480498635
220076813
308704066
226825355
657580861
587638972
10602226
99325798
380347690
948242364
22298792
81072622
259732002
701683118
350507334
840458388
766352470
7403072
964947817
208752747
511284361
429546940
175725241
993895769
812604727
27063649
55406359
145105453
596484093
556223701
304873905
86285256
929234200
816856428
460113329
712226662
3616577
579828436
810385029
379354593
10640569
584210816
349085495
970877970
418311345
756642074
402101242
22914726
687047420
326227845
985855854
714783919
134688852
253724255
17681043
61654856
356106349
6549080
100993522
598551136
374924283
297086636
230280917
408421952
898025778
206309114
154176245
626171334
335853443
735503833
926743359
879893997
492144359
953449328
821135824
9374106
741214174
177143904
664380228
224509048
1125330
278037411
229357895
627495097
30398514
702900303
89737753
306744569
625566553
323241836
816385651
942192445
882598073
846675822
215334181
182104385
286766770
740729822
987474089
518147762
287477968
929076774
159066217
771496349
506547469
421051865
984865114
87456210
198113328
383475026
563410528
504232187
995528175
135358022
743291740
765529666
677215027
135322810
412045668
184166961
575876715
189100582
784310871
371605626
808457349
30986855
830858721
490168965
674495905
73057247
105132894
988508924
833246866
508255192
484993521
290949003
959999395
970203508
161738794
137655708
481374842
954380752
295389623
803014999
452580730
485422721
405566982
685582576
346225843
627045946
491316389
586526360
492434651
699901030
25784333
508847638
671263922
679974676
697692087
183384691
265279832
302964868
863450775
54001866
887934126
665414054
365081424
543641191
15964176
34000685
219054670
510679558
901935692
144487547
52965258
924014067
195613728
355472114
487231151
532701542
818191952
213542404
126191082
152340812
522499866
348195758
75664959
778432110
695388873
304344514
9157622
189572347
307909121
915003174
277080270
117669119
797561076
399080401
561547280
457740474
567415711
497911555
968220825
527217874
110002595
502601130
137993939
193286284
237466991
847364306
274983411
398118381
631098026
753326154
681968384
987624305
447978184
605380652
179927765
468471710
677899746
6122411
321339086
107548527
652726971
435611776
288508546
197289273
309750143
846415756
297539621
488370900
829241719
85692263
929221784
414544547
555169373
311618221
715337097
76272103
388077926
156711819
423145212
411716855
294455194
698475642
60485329
974154872
640943136
829393982
135384704
238681387
499049980
759429836
371287082
812483970
774383831
291740677
675354744
334727541
896084604
627886732
82086905
503892919
428406727
153008565
858171688
336016509
902406968
971033995
408166414
292178499
289094978
722607943
604636024
99235267
599357451
492341045
674382661
100607982
740792768
332793107
176389981
42166498
929801894
785300668
250821788
223061520
125406960
88894032
905078775
323412962
728633504
485500609
933630305
443702366
833585120
852304779
744934081
556527505
586025457
95003148
599059577
207217340
383438420
604383574
982364368
133108317
147907175
226894130
296575198
442737852
5457751
979660579
171916541
831373796
84698377
144164674
590410836
916375871
738433073
95151528
132355462
26413036
516905399
23979867
456376973
111355673
110313181
513954930
286924861
326390007
70241801
544771605
527375887
415461108
54755636
752309288
491923792
883038506
275954704
895862681
511118567
839343646
67537869
628883954
987030754
607645542
274020276
812886320
684311983
646824204
168469959
280917316
355246024
972402176
387587449
415829901
303549153
601717808
477065348
616767617
382109718
977709041
301557380
855922962
282255347
233347801
559636020
93522895
201884212
317458963
5391841
725223013
31645147
274013398
190911887
115836779
30580182
710208494
216458834
686010676
610814645
569582718
152210291
307893473
37540179
161148189
921769630
404899453
236810329
388112579
122618643
194375541
232043883
476179624
288289615
14790621
513684335
603193392
547912407
343990232
105675435
912871804
446712133
987646446
181366245
147352494
609491816
122471052
611754508
125486542
848156764
559308777
228533395
562788839
897582068
609777602
688736117
959170271
349422110
830228694
671088030
190145022
130797387
811912350
444728367
316368646
505531516
387288200
127743227
395518428
310427814
398224199
726039223
323846807
711331778
816620000
39812089
131215187
253579489
245586049
394050187
136095061
252255076
921000795
315118719
740262019
813666445
307914981
333817643
57438706
807607742
992422054
546212123
514540331
506293040
559517068
375135203
608889515
53789954
261555370
897314788
797928269
888694546
800489278
465810298
548325939
363068908
827535022
656416328
31450762
616283178
378861306
604072592
501523335
63799426
716541791
149123129
681292453
509484474
812450275
493450770
896816461
777711770
408508635
419309441
525902952
884102047
37783251
517732204
945819453
85638607
796246253
320350870
98007753
15176897
13434943
547568338
979915457
555648663
133228958
544678438
925381873
598984011
626108247
78469127
513725495
648091990
752556887
439153865
206535150
987623927
928712778
572561588
154239551
459176467
565524132
638934494
25813362
224332162
572947163
131906262
297204700
741325570
182901801
534923219
724462071
660241827
120347803
341388215
247540880
296107472
98445101
807521942
991232049
65188248
852775304
432909714
415798357
916524884
624514124
142102135
655554929
418777768
245320946
787464522
194180968
250132150
239954168
116651979
385010440
389799639
659776881
820602944
673271026
450549217
714568113
184355326
571019370
673625986
958963347
662174571
127761633
957849251
78558909
326465318
675225309
488822984
366614665
629643192
153497517
426679433
595374876
127044953
606252791
778673097
862964548
654133927
930030776
424902830
585320945
468294400
458302280
454581390
309635490
533008057
705568191
286571475
635960374
68892788
775913208
66405193
897817759
395670618
7589429
645335977
659626386
579332580
641467374
432159796
333647585
317626830
175301137
932392603
247892957
317155162
812269737
50471773
767067381
965809877
104670146
364767671
380834593
75475383
433778649
964718699
628087139
44099217
565712685
573077466
620596856
205815056
233489264
426633043
406413819
337190674
327708880
628637258
59791092
360781033
464008146
292559816
607202107
91476703
846128717
75911949
803073700
713856032
482211937
213001122
242617711
729752534
369476351
541381828
936632324
79770391
323843737
711007888
14849621
729361143
138312450
219996719
313630455
508192033
535704955
343821697
670012051
504045119
216904127
462229791
249725973
218455283
452027999
994254484
232346141
325480470
556592478
112575137
664082614
286111896
474888918
332195506
618545952
938877696
672937015
265307346
435683134
820086360
943357231
108563746
222505678
612777833
585765748
849523655
729158923
606533004
919292391
84592853
308069796
894738213
170136450
727413327
900726290
505814477
694788818
723643292
196890416
85554868
63845544
26954680
95211661
818357656
139237689
621857141
99530505
45466859
48054960
5981242
58621627
665471972
907193593
267257258
795010276
618488903
830642102
374390891
154729172
705525213
704601012
636553666
571841851
113581728
756556354
526738252
940972872
960064423
828270423
188338727
518329987
863604735
921808103
956566100
386546869
728643259
871410573
507444270
307275932
767160095
316502402
590111663
895231989
209404307
172405100
621517529
970760556
846400682
585508538
769395802
737715968
943761114
967966392
328090289
156025797
430984629
755910966
921326727
28778097
515387277
737756376
346630997
191631011
809522322
813273292
363092694
854840245
505254858
182565062
869781975
656037621
773007375
258439663
54159726
935128247
542253716
332081134
376771765
39722366
882399025
901448927
212751492
456356076
300904763
849462703
697476465
714003979
553800274
666697668
181454699
280124453
95193588
799986443
938438335
96424832
104948552
674450090
58428247
61580866
467032832
971960051
653088339
501521178
915671060
518968792
249422535
712623520
344916188
319866410
201809397
684432338
339312999
909990197
812210677
937531305
76628430
250268148
882847265
14794004
229611401
880021457
130745539
955801773
883953289
185120171
376827265
219135829
365290980
156351236
255387369
299029220
29083660
188053090
633312086
25126260
267924943
564604334
144230727
61133245
980048408
378015742
543791227
57245895
793687339
947151574
5891207
330069283
95641130
10638054
772930486
344363749
964362608
151777753
617038600
575790268
619752972
147378309
437447050
739613226
434627121
582108967
151975840
408848696
553633950
211270905
611251119
921112592
483222287
640259613
509207855
96496397
51538525
228658222
756772564
800958194
903089898
236459140
341129695
256442086
660374438
612756403
887918708
500047404
515060340
721644797
686626974
612706646
642285559
911044630
782075213
333509730
168289497
661000515
669442908
273498460
225112892
539488021
989379316
13243052
517682458
726763358
268027683
252902115
352696632
697192538
433365104
155531041
36974338
702758372
736600697
977561395
164986841
832873064
339594092
108221631
256496226
697792127
372646979
750221690
176394894
935229838
224429438
630414752
683741069
949186713
374701050
844064936
543834020
910916634
297692068
370175311
29471229
575930846
408646339
475468167
122069403
326142452
110928044
111837642
480543100
658200966
125272277
13994253
993573159
609690314
198090963
489338281
777108397
601697162
601981417
914806880
809963907
263203450
123771492
666012854
437631071
30982544
250034111
854526747
927603482
927677899
272364298
135021543
536059656
919938744
225935641
422279663
213004896
239315020
217962522
326594344
868117101
547208801
234011802
422525155
428256519
8226928
370678872
985925745
192753914
188200892
67628543
479392601
327120327
859542697
291254950
174910914
900451339
415509981
700776528
703660116
124995417
738112564
711964006
857701457
142667042
438459839
17135317
338471036
586719730
113946784
585601221
501290965
40814067
93095532
812928553
559861985
90273433
471107031
31134634
744734402
945714458
844238265
981909108
651789242
102205677
985092589
837755114
596769829
903350880
445653262
161842667
989488132
830386720
823789386
104758536
125615947
626445933
851391195
597878534
956625458
937784665
473240105
244568597
860937795
958670090
649360896
802543023
837054688
264036327
856959530
935920554
756009268
10614135
488290309
334596010
360418840
976534040
987938987
993011336
518139270
591231599
747352931
20856812
764668531
136011930
167252186
717780472
660714709
761571878
88523930
110045292
91144745
690797862
323655832
146764134
982140564
644515060
875770525
178784305
803612510
674156389
959486214
250584532
530824543
599396125
443760443
371831526
731143292
539728402
321863749
952639937
110100630
472964147
470439931
761883814
507147226
362918885
450844260
420942226
756606976
644738421
345698722
42345066
394467405
636505942
213246077
171736030
164729031
223805696
514012602
39629366
509205751
392020701
508795663
87027306
74664626
82649311
650576073
743439752
819998895
184926455
706528296
123500282
424821753
286017575
592374944
997528444
378076870
952247514
627912629
859826342
776722185
451752028
469925293
257531148
163817269
665166353
660005960
301263233
951142549
965945099
87049880
642817591
395786761
282830516
696107361
626140402
6294570
653240080
50727193
555508751
449329846
826226850
329945253
44886348
184282227
414958766
805902023
601729953
446837763
94738709
281081645
922786665
562755592
243661541
318951201
218897200
62393158
503821263
60312984
88967533
763235638
35026952
930297936
801538376
111662715
48342281
166237701
424427018
924740030
839770847
639957772
988086575
81012846
279331786
158289460
372763889
4788391
137809430
860932559
604136664
921380190
809092548
87346508
376360758
376602528
81970557
486977124
565355140
708160966
895487453
577055356
930645280
34529367
583945081
223672288
491642579
51688000
852328386
57456463
194703197
381447437
264564397
327185124
196394451
452184914
450074960
184510667
666623866
985195665
826152467
683507666
845177603
763600400
612119837
293452781
37564736
679155624
242448778
931613781
821116883
134813582
665584152
120701348
132013304
947751801
901968171
427430654
989733763
821032801
281149587
760763671
33909814
521822228
50432767
249606319
321473678
86079491
808847892
358551440
176975281
415067686
760812283
444923354
230297869
702034466
782197278
640095984
682679812
643174681
903920091
518154151
704756880
285030110
719784665
781127606
737505980
119060167
769527856
164141953
374558848
401192395
475207415
353722185
866804609
430003072
699448178
314071779
797454071
945779514
592873789
784165297
409038320
19032730
774863043
997087761
771913366
256474166
107150244
395999289
31874154
224607871
147381105
448937695
283980461
604794016
540623166
993039170
812279448
366859500
707684669
387964895
622215082
792312614
480178510
697570015
718998469
775200529
395871324
198498857
890537910
944779733
539291347
439245833
668093645
809898540
974768604
661683946
721514342
393485163
938638507
568035733
941057598
133396439
592781256
414595245
960473236
25438827
248604642
313205037
397115016
107700732
665199186
818665709
135441599
916862733
862962203
402538581
330977974
104284290
703906203
474681443
644670322
978357970
919112875
43314211
64682624
840167998
174587287
461821309
568473301
573732821
619155669
554328999
734923552
406630382
619283295
16194381
472582026
993537158
662447314
297543090
15992310
142026783
986968757
978016516
458524539
216440411
482450456
585696839
260343459
335914735
609684669
980467494
727709521
406858059
825401634
649406940
599283881
853419426
880641484
907842534
298675305
152466950
467672854
434566506
111416960
378971576
386913700
2993925
70101665
609428104
761805786
107965952
143295362
974079174
866168030
8162439
647790972
470891382
161886319
206308569
260670934
619573050
667798498
595431926
882201228
876870119
377254744
818667640
328508555
603323881
590828512
169413231
251255779
143280635
662502895
42934942
835988185
650169814
156144996
258812458
180676190
812216723
994571308
104569497
774175256
462885597
209991458
619753591
434745753
680816900
361779120
380120851
224034081
118016987
93574356
290972644
703245036
191137544
13432603
226905818
875334272
583211220
597287790
730030810
346614402
953449531
615221619
318149253
292173867
50206453
715613981
444199935
921372368
644267174
410931673
758560924
791572418
76703719
225686661
46130485
476072644
809610372
438506539
519736076
83033146
708770313
580740785
898246452
948856225
407129900
323839323
110835626
262199015
634400362
635955445
436970602
957255164
185777193
32515766
303071021
390193726
278333897
518964727
478118203
129647232
187936614
653808934
286952564
458396971
454478077
328136043
446629161
528969113
48372765
244511385
905395070
263166823
743100790
901521960
751222088
371229906
758729446
442808854
63182356
455917157
357994189
664216120
862057554
776951894
282523508
701954056
654719371
477063788
937129153
639109041
391517364
727965999
958910216
844107836
267728431
721318972
978499570
816407850
282684960
315607090
928083212
266526906
641113648
1714261
612777089
742322745
541447099
647006394
197783501
989489881
965806943
683748184
215055582
167559276
491445872
238626343
297866241
710280562
505436369
476162502
957960764
598221100
721440966
638847834
465071410
785232732
548659229
491483950
959677829
350065408
446081540
22860311
955806082
923145777
517436436
731924861
19536838
741595064
339932750
337018279
124189704
534425369
808672160
871808224
537306306
602904516
751467044
852286886
441724280
40157580
120869103
479907807
687446320
714068982
71480663
709195646
805420255
583356161
951012929
504726764
884456656
667775792
792802057
225892322
297652926
824570101
164365447
420394115
428260993
103099114
207868456
55160728
147675578
313957292
259572969
393966910
579011292
448965590
935614739
548633425
661520222
877472383
584230028
737280083
646077707
84646241
879375525
650401139
612016553
855031692
958398333
758339796
534714068
281697176
76773467
821854380
94851721
348892030
149443322
940833653
522308182
47715665
163218849
209866151
548248164
877562978
53893329
702678470
206385382
253886347
634961821
504483563
100514478
821980476
271121201
990326386
154863565
586325053
964347830
149488809
925559329
993368567
523218506
334242972
551684186
544292648
471373177
354534828
675221385
818231985
816682422
277824539
193169201
7479409
741018597
899485873
356972898
540657009
618408885
792154981
249599195
577550922
517135335
741507874
869372808
288009325
458053853
366518649
702748572
497338459
993141174
631492104
842588270
731680196
505257207
833834750
611263172
428972747
321207326
765866090
574286387
854471111
613405859
665165377
789612933
766633272
241979904
451864215
208267025
42052429
263463813
444166069
620400976
252797000
339825060
943373923
983420943
728985005
937950784
543618701
822904191
882075404
678064664
520591258
179983322
829290217
571541211
726640423
523907012
54756663
803677894
955558878
876423313
161399997
738893644
307410566
463313748
672149130
577732888
161401105
163992798
601152228
725265188
269515357
297917919
573447344
59719397
550548662
539334536
322693452
497539805
881158471
543346185
587464315
968482714
46245313
689194919
536469919
704390184
108065381
404569978
856879215
381892401
986276744
83813562
891446019
857087570
55397025
925300739
785327176
586943328
390599706
899571274
205333222
98405556
431589564
703378247
868256463
633927235
509484040
566131742
58937729
270275756
488405970
652620567
226771098
929723474
331008779
982522078
420925924
67798345
899132767
308871663
521797441
109687700
159496349
549989358
14459367
982895200
127030161
213655542
774298010
277871132
689122659
333538822
678186745
158328841
579873340
120766705
701016237
959177941
367613417
437321912
990335360
252679653
415380769
529272917
38044845
276370171
332179129
846705350
119495048
237962258
59798206
112651856
280110150
742667461
494059908
465938749
565066015
210196550
592852225
836435257
717455133
834251941
315579074
60044806
434116877
721066345
733768510
818192865
403994489
415290975
211329209
44776349
328451036
622970052
759598153
304000681
79401747
722064525
146114551
437441149
539356446
473302130
454990318
147081903
886846946
627560945
233669714
542503738
165070688
314284631
445985136
965965933
592542716
521292565
380769470
762713780
598106996
818473086
606808172
584722636
825108695
633244875
378363017
755471923
527992962
469802076
851469168
162950333
940172102
601011761
61237176
345520279
367427683
294544940
928586425
65473878
989165005
713731335
220891742
511129177
696019672
735810678
506021765
193479297
642001784
166114167
698848723
504346861
472621978
321412314
870560626
482316400
158319964
948747465
989788143
70566841
147822498
271429454
462175345
120561809
384795471
435853237
122290448
682521433
350204756
198655926
353386054
436144342
463697847
746220769
980990498
65858791
543369592
777177974
582453821
38043959
188839994
759158267
655247620
392465123
422322715
567096387
961708378
700287617
785136917
31786256
140397711
186522889
186606947
64801598
322471300
212899337
288230746
931994224
278030074
599087115
330246026
592451539
303701379
540454677
156612348
884681108
536380094
179343169
464112122
92578013
592524009
28570573
994290749
482186858
833371700
708547154
684261888
345108626
707561996
50153570
461101314
554679379
605224997
617891109
583287896
31271249
801917681
108347685
515712387
211473938
234007668
763907095
344863923
753711687
798900809
360037012
908276017
937722413
807318942
789953315
80400185
357592245
885125998
745657942
565589463
351161927
422952659
737043458
870419740
957307671
687985580
873629203
464739978
601812020
922713245
484042872
285958064
309839387
676668223
741253314
635879271
228666194
861170937
696142116
494799548
139005288
380909774
523001589
497805165
877786648
772204617
264208923
919816273
211675194
257089006
979419005
275490710
5540270
222913364
501657387
74397075
822032787
142338090
696576398
678474548
120785531
130681099
105742533
533127802
166212740
303800342
243231919
944366513
434708000
597658769
84649029
301274376
841041047
652989955
538348310
237838201
161417045
625199936
776902187
38360044
431304572
806345521
845430850
903212327
186045615
989881162
597914473
949380076
143028273
46027017
959495107
468036617
838545800
854320438
340671225
61741980
710117928
71744218
617900405
603931437
442007443
677506524
884030476
416422281
905592653
492899563
811427871
795145002
875823393
989522891
968550903
149598449
896577039
616018243
887983913
874445289
893063386
348426861
692884969
584207007
447096664
281381327
67364292
602017291
163860818
761565784
962727489
473502186
468105853
838355584
384222529
201781166
859122535
149873686
681417110
121711844
506947007
882660521
345002427
780346390
640032947
868803525
985993090
608126356
687497544
847306519
641472090
989195584
969856014
725264389
442201851
293029113
234409772
634792557
642624641
738217931
174835553
168455516
569028484
290829869
824727444
427543857
370984028
269834220
233453070
103349755
959241067
973562998
289666270
907310777
635593847
360351537
396596
336746705
324692848
941389963
581470802
618184574
562774687
924684591
405635910
168351240
941596741
311285485
126357574
357929707
630252966
478079034
850303537
590320968
887671810
204544373
805098811
963390829
80631063
253423231
190508095
852526152
216534430
318814399
325323018
635555062
281963571
789814234
850938541
345486343
912488694
46731954
693694702
865919576
543887182
754003264
706368024
493899684
144097052
216859469
834753856
402756718
961955433
399852288
735732994
153851569
458197564
490772746
50268388
106949470
735395852
99222954
351194113
432393093
421039090
773448309
225329068
434235504
115848761
186804231
606898313
381207085
888013560
154775195
158935313
370086751
196371394
909006078
46135758
973848130
880193804
746815823
603554654
478876401
946975942
606251809
965631352
789257631
520597741
5433272
955617436
845461185
729003409
622772406
248095814
528294848
583503422
892874734
974522329
774231249
465231966
440241020
831493903
236203879
710162595
698279831
777584537
322732058
437213605
508766282
150035765
927458574
803612370
94671757
13214048
616742383
245976660
628269635
947186239
809280748
186642756
958806137
865907175
59835639
593320089
791993053
352185717
352132942
564442155
668018222
376933810
126287249
197375646
102663931
36607039
497494826
473947371
244925744
697577207
756381921
117304114
883111945
591472498
746729148
93621615
733960025
817385620
510071991
814355747
475829941
738196045
120334807
906647824
603004940
396713235
958921159
834372300
233813593
723555421
615526168
548842458
639704286
403746622
852989099
911095227
841132309
467055983
422467349
975200297
723032687
111086904
6949003
546527413
827478515
211466739
101530554
597413509
925886684
472317615
255231277
661099013
934255654
989243387
542245649
594404903
754320221
570318484
117260662
573640323
65837682
939483683
843797066
69731357
190810165
263731522
828691675
790466954
493951642
442650990
569998689
915515427
461327078
35241564
250300718
724669531
877906415
194884562
667857328
443069331
545050131
73415013
210099039
878757635
162305389
810847058
237647145
717085148
61620908
483712850
606116944
433809690
719360790
795889569
901794665
296429399
674786099
111733527
17521209
491083543
559985278
759483557
238729219
330987437
483906991
54409911
737844012
512828949
772540981
486938622
105406701
402302779
443683244
213313360
512388424
769435412
358664369
34826896
961987851
293557726
842317965
77449006
778164
126637340
876388571
653497522
539421984
969485029
167984652
823402953
345987847
194156214
895748215
83827745
842230727
973070947
835021202
837318981
135154396
903078920
972508401
577259588
190839923
915807407
97779480
235089303
55885563
856860671
598513296
466100214
425354815
472822118
972804541
444369613
531787709
482101198
764074465
620064930
786019551
172485589
936519506
385066561
190695717
753130893
956291999
307549270
258880627
742430405
767733179
461412183
415317747
211381100
949465131
490536750
348120239
814416116
878218917
698102419
892522682
385928075
13816589
215950667
83006563
539584489
769097711
408029111
725986158
762061077
755350603
919730474
390607514
578015325
132408577
871526430
80248463
459351100
971293875
983726640
227500375
529253051
429381208
223808013
580703440
227462507
659628458
20463925
102658076
919730679
995328445
909436321
276763988
634028885
528597211
612429931
300214901
121886906
93363580
780924820
888612331
844122243
777735104
922270208
237507409
103531033
417516335
395536091
172028589
176413335
551420736
404752183
856558955
217408056
150902825
886938762
299048832
675519540
877816519
265827961
109614863
778440841
917266335
845233639
97887468
435347395
881648115
125350953
940688230
586991283
794715606
477823343
467777120
669278705
58133822
601668006
47061657
158995935
403201577
690159131
209731213
194189354
582458050
252337293
238689467
37172059
684261796
4651113
203677686
228134689
284108488
464134290
693428705
219956888
753560333
829782036
220894284
38964554
194649846
8948948
754083318
57909648
124912816
306485246
846394594
754093560
811479638
272374200
781798733
73236744
295262653
918923269
832124842
601615748
456615714
847470505
390011459
762823674
618268784
430155826
358726091
303721772
96302434
902469819
648838160
181815141
842838215
220907270
209701959
287558856
636507156
733706742
788301983
196544230
572698825
447022593
442860116
977403372
858089305
730085753
56189628
896470077
880059050
283757367
97998476
568751067
755097847
603087050
212208689
257439963
743976832
201838813
922555952
367653311
939436573
322092299
806219542
672162042
987158785
184251718
381450985
407363681
241598627
156434047
444734504
656673346
600282013
746007028
130309919
688145993
974394696
928579476
85134738
916741537
909255771
738764926
468154596
651640124
618750347
589687284
365758224
223681908
523334778
13575157
382181632
853935877
747051882
470538356
594452451
701590198
170234298
362976295
741185960
609186501
606554130
425238292
271588745
672227779
688557883
353161907
212317317
241519997
691780883
52041810
464943204
826108204
54456639
676909808
526494171
484573712
307394411
431833748
473885748
837334530
223417951
75470363
324846506
773746216
764417856
804668625
100293424
636807521
441457871
500231508
572905062
709792119
773491512
876820381
265337015
506781382
785591074
400042543
17804105
498539685
489566565
601791570
830893975
45377670
801243994
527144859
894975038
522391641
625576869
803993969
143828783
988047765
780667157
395561182
791261456
578427847
317524876
987763947
2064532
863276746
870260355
70513140
16963607
367841849
201832181
385221750
222928349
425382439
663789078
525284712
320426239
548217641
129897561
98697010
679669045
757914637
612140702
662587841
209382107
343702015
539539994
812813652
755841564
647343302
401799768
103425749
476257000
32729361
87384038
265419305
242963294
944655206
655085153
994127769
748437931
262544302
419051545
49132358
208753193
364239861
709750152
412179643
995620065
228008382
408110070
27062892
750441847
773710534
334768446
793985369
188919581
150312009
294745016
89106337
196841051
791079323
593732777
334608974
405339402
682572439
414038755
285417677
714246724
680546463
235205287
69185548
256625351
385905816
220177169
326603296
797005497
228940427
951771384
533993034
183122694
34718321
105801375
979986046
976398386
671187150
456155304
682967923
277717350
733017502
875055025
521742671
475037971
212850427
118604022
122426314
410493525
229635505
347853874
595794737
249517000
931126038
674205148
873466499
99073994
706560740
954599424
463383073
838162898
244704916
758013131
284658042
458896524
668464268
671027679
349401845
320012766
247736512
734931054
268048104
523964909
393626875
316378350
39102010
315974207
110865768
421404387
165713340
688949029
848696001
877493770
584045131
138285183
718268268
961871589
69408007
246649960
370638331
464585960
172891545
700007337
696866646
521772995
597708876
893859786
16722908
292005661
307969855
508796448
498351884
478965669
214026476
2374211
730368118
565959531
907500132
227899361
812100331
468284063
960401751
413052924
366400507
695777474
894797240
93238244
239110373
502127393
773028146
96871870
318849472
984116439
966253387
561974603
748255388
177746096
654787971
126464848
143557609
507541559
926937266
895687762
798750307
848919939
33107846
901172589
264416711
336906038
695117494
933938059
605145306
668212123
854953079
277598618
158788679
899918093
358578502
775025239
131896284
79192806
486876605
695859874
853185483
73937435
168914281
285875560
653638577
920604858
367550433
628089620
254508759
488653709
877752742
906667400
691260099
861778853
394455913
336620147
292025142
403982706
360131342
120927769
982428649
930876223
455666240
988501600
73095356
570660264
795349850
446048500
187458551
536144935
947992559
209811662
623974317
793314649
301453742
871247977
73820
780333675
515899816
54038485
652129553
382601628
673033606
858347459
968084599
790971257
923003537
219610988
991535953
272970529
463781509
673043483
159628633
888724278
535836056
217217274
431259863
106952825
263699735
374970193
318118862
821382170
966488235
706203264
538657667
49141092
819802257
353958399
263103331
738076592
430497964
625769613
41099116
387796815
859713652
659694297
860844325
808492376
526424061
661886229
410505045
105349313
296571315
818862453
278516429
583076175
949073455
766055661
496853958
405358698
89621999
762813092
89074828
24663002
487277817
84366638
354941077
708735159
921498424
738592944
277918842
161438427
650415766
232543875
177694381
768593209
3887827
641986155
292949532
136029656
46159877
401739100
261615670
762702597
994510161
561436938
910980786
456178581
586236549
238618326
811362478
802793885
719368728
118128654
438813510
3541368
803244084
560653766
837394752
533093689
723878256
489696725
531156815
990424634
583621796
980651372
165516903
276247911
407630182
464689032
626895572
595976144
811058792
841088977
64395367
72214424
577950494
327685746
285143914
730477536
624951946
606434353
141865246
582149402
501520877
379898675
41775588
70279224
921923032
162661893
577200009
857353817
589484384
647026377
894377902
45820391
805146472
19158560
994518073
572567208
494076074
925242345
819478263
827336874
712042503
818464535
904691840
288635543
595600202
740789694
595173170
236125052
532759856
677415343
81076924
256189621
985183149
174857553
503982844
878936069
584078308
352193301
445046300
734506787
603347339
445058358
199341945
134539444
951565551
444837332
259055000
17635015
495979795
278212993
2260391
226413815
945988015
962889052
474264700
785261928
13550479
15968127
29168368
772689952
165384019
489764276
820208527
331476451
237446777
298478922
421357617
644159302
128961150
124540482
285704113
580685801
625512309
853930038
737013629
843389126
204572585
732792936
964458544
399637929
351390503
734382162
994402357
752788504
220090540
833066840
44871642
638744235
361125991
95207069
517314208
101206517
442461142
408434196
831770390
935380915
564955705
412638754
551046925
923252338
759788013
293497615
296972417
289711943
905770241
336446324
917261444
977315557
643544301
480538266
829929561
766964305
138878307
271589579
896164734
755870424
961632212
611234952
929629290
238592339
354065164
218821688
787610284
457178820
535711605
323583709
862956063
395838476
904133213
200463285
371004675
642750225
546086146
866402197
283536506
389157713
308124577
604240031
68110764
764304011
727960395
152810250
17444318
242070914
97935747
700393358
346935944
453722578
74515958
17930268
635806217
662779572
668073436
20521741
900403011
798581511
549087620
769890291
563999413
646185478
684898892
123251079
361032829
851637334
898289391
869869182
742169077
646606842
521490188
591600567
375571483
743633397
73514993
778517328
72379512
185989939
627258723
994935221
331414037
592057124
701512463
972346932
285914729
401340519
210392746
377326920
420924854
827386163
356818086
45637928
714796725
805045191
414353319
506622059
13551564
118893529
203023527
730948127
877105520
543905585
244087796
140022002
190190269
592144836
501843301
910692948
135983246
524452056
265895634
350171262
88102482
882423568
948481690
436531358
256541785
906760665
521932904
279027541
492013839
243361459
6029802
642648862
531980581
389658723
722089308
818320927
954050773
750842340
959329252
864378921
906381770
87169807
670364507
113315129
488725707
530270164
143369550
746079461
566766346
377157419
203832777
868865872
854978081
969597607
525490908
636968834
261261574
926037380
31945675
626108175
739685246
441786515
625352689
942100043
780344427
194426425
540244761
963752601
98553043
885226920
114644465
796870076
244124528
732057692
223521067
854381386
404317967
181384278
276551119
223645410
960100420
857867428
783556997
544471635
252248862
390711071
760939477
663289391
752781058
895282457
828059827
81132014
494814893
452920512
88906305
246352812
612466854
560358624
118228941
435831490
669452463
642254463
992614910
866974473
123895945
151789561
106556754
633067573
850628415
759763153
19147996
758219799
845342282
680621898
561189899
570245295
154973567
592998207
168267979
450468839
785601940
6293533
565527880
932079671
607756534
781849915
9327282
798060090
955027241
217842823
173453307
284810475
380129853
133203612
244306452
433856555
427870783
762890441
835223870
850160820
604146984
85236682
105242773
170203655
66595162
765586551
776581318
925612310
771968043
985950271
632841806
76429309
555218642
504388325
221868314
501432063
651223597
809785349
599551232
213274969
580740297
364606800
835302114
710870384
888956517
152018074
78516817
857203020
584390735
373527128
534086043
382697328
21678086
780852196
435049419
910728619
239233856
300745135
590356807
489817299
186366895
214960362
398457064
155249232
613335235
285148675
825534938
904011306
383074194
806337829
806607657
758053904
459851056
369191911
326106183
47981536
464092688
372521302
25835986
409767991
538515010
94168741
320468093
781912419
770321920
861229667
170801247
803308893
509808869
501403284
266918840
423306983
35415278
362143104
946013371
334043167
28953476
47537307
351700921
296216640
679051624
472830369
237915579
796757735
505609698
344868143
284230616
514490944
375450570
224172546
120005343
338548125
777828332
890810031
618808296
85729891
981436526
45627155
608039373
448623839
658083447
942867848
450856376
583733487
965379837
28244722
184113852
931692007
547140980
592030312
398155531
59946962
562584411
85901718
128473654
631201902
912242832
189087647
270966513
241889544
56620801
60335753
881097599
125126479
881995310
83057295
226064008
603324329
810798693
20968390
696312034
340959271
145385546
481724581
89251581
618543628
997612599
953850097
129576722
115076922
625352607
236325461
720882407
546468837
178064125
153020142
870605643
102625763
43905169
423846005
855163376
31439553
3554249
344987895
880361649
868741950
167640566
177856661
783100722
891546941
798753151
794383339
220750963
528277228
916817971
944624352
778444387
571053486
667099658
677712063
406565876
325713237
713376856
428972781
808210511
496383091
219296550
937806704
537631419
121491129
100296712
499784370
402325514
566206238
789382457
625719779
305005598
801782772
635176190
755790147
82169416
580121822
717453671
688401840
750114309
995562577
670150920
420747908
185423910
746331240
958812202
707257314
853249008
641352989
868087377
907523490
350211960
24367772
489250313
276467204
373745111
181699005
597237504
855118406
549058422
793266243
683393876
651649016
179238398
927931947
262518762
301628047
147326976
243375317
617504955
765592369
857812406
619456771
91427503
953304560
81750430
18917282
656158771
364072072
918757178
102505782
963523953
241512998
626567153
414866866
967904503
407056968
537215974
603386662
863249116
545244647
720562841
878794309
54596836
80655137
528258849
578087655
114248752
929529176
989342110
39714108
250519395
532187081
129909621
697418885
489744083
26247452
365887025
770302820
302974376
316807802
389925431
645911514
784125191
752174874
947203818
904381430
475519083
667016538
803938565
102830047
736448298
924287709
729696477
538994772
883959401
482277094
948450416
342687811
297219144
696269057
145681322
209323735
205460030
133138950
490327650
359079280
458795352
660901263
770257703
758019989
778415094
601494436
591798555
804641809
688848861
184449903
395646435
484575793
66874865
974918140
581515617
902726900
601038797
766026249
57611920
503415490
632278958
634396122
945690058
581981172
386244684
552649969
151136954
645764700
516008201
932942440
836717299
563979240
671157482
684383372
452633829
672485887
626389962
860953755
196281251
520444937
144708481
710789885
656507822
429009919
723782459
720542983
143610746
914836160
483247303
686381464
219593567
388582016
988131432
179577688
839147400
650522305
911673413
850962126
386317224
685164842
539989193
72106726
19339973
692306923
203129659
66634108
854503914
803604549
248180869
46040167
956546220
906919883
242995010
464767733
660278418
628501068
781757419
305595353
726520438
927039690
523522319
149311701
1337982
293234221
425295886
772040699
138272091
34551592
823347137
100907866
976198449
295627373
657431789
476351574
119232164
424148833
182035072
472353352
468700004
937150118
899711766
303612211
919049168
949488369
252424040
145903066
63198205
240910406
628344574
292733121
471574736
906811527
574793132
815045604
979977668
246558277
137538111
599620500
765549518
201266438
377776280
835925178
188468662
541981929
536950960
775169029
88307471
973425553
347662652
798548740
128538399
221428981
417343932
749373866
126326422
808497813
754832528
726933680
388288468
162939074
107900757
545632772
519258791
602282120
527977021
524603273
10157107
466447192
844251889
856303667
176383628
178076846
91773053
50507890
725953270
109518100
483208758
784380854
721994802
579792508
418383144
505175273
712255697
575637985
442520727
895060978
243486470
896943415
932644141
153863971
856623790
161140332
797174108
826829094
452385330
118961803
864786083
140182255
78681316
925601892
712298701
80502254
563962971
263044812
754013547
649705460
982828286
274495898
718923141
397376938
339672232
875677420
492995299
48003898
896266673
146307453
785212715
365566754
561800308
352562631
548655234
586303835
187691840
20419062
604425030
337657074
852271438
408810232
345596213
184332979
272454995
289965812
555387233
677945266
573097277
396760396
792068057
229386240
409237760
151894187
694886104
535996372
569220977
481191944
274446145
804682231
936299613
885124965
571411981
585098830
740473722
792425815
760453283
795597335
292609777
52114763
427928686
659550835
375426135
708469397
787245472
697017859
577530358
473690199
296649113
202401325
448024330
910501937
207968528
402259954
462025357
674462262
500443346
113270710
825582435
40053957
963232785
230790246
292190449
493329831
860871233
631466441
933984725
314198768
920058991
100328747
967559181
924225920
117480774
553589773
883384120
356582653
549961445
531500782
570939374
120265819
937351236
136227918
739439237
536918888
181445985
780066158
671406496
295642126
55862218
176068155
937239812
654229542
94222949
30313054
804835116
909336730
768169880
18692220
914477364
938406272
976241990
435682443
643207971
547931360
608732517
739598756
76833424
207655994
294767277
537925218
70732497
250944626
460657275
766594605
928824513
102340201
723148570
530822155
347830857
773750199
509256497
823422584
689525671
384541661
871428496
821193908
598020485
501562369
708116977
362260492
343951805
440912928
349887429
170932369
159155961
285091345
481213887
564297734
184019645
663643191
840400966
591003764
86497609
801818225
849080826
108673439
652836530
380149449
805891705
51199762
623095239
125810412
430821795
16956703
82236426
349714228
251613080
235713983
745815537
560879726
57862739
77717890
534013793
962315020
52147087
246016100
771285677
636808821
218117056
419989028
759175375
812957108
343896810
275028838
364681353
663853752
195410426
902224825
398063937
53741611
125126740
123056113
182405533
530090117
77446770
170230971
260571454
218803713
803944591
62120753
401549711
586600586
189659854
714630018
593492760
595326418
32542835
355287943
823452177
239938902
49546334
884195216
302904001
372744267
485581724
263167688
718403089
810807559
19226897
237598048
915613086
349104734
248388352
285780112
974237850
803066210
55439566
185123689
496319352
242751545
389036187
245378199
948826290
247995420
315415046
778471815
302397267
227187460
320500360
589377464
668466312
48605658
521581020
68344020
401758817
204261052
512974411
777839142
157140974
635118876
19511096
779176311
265064496
686872396
660949026
708491799
636094899
624943182
346775464
927796005
789996689
57743263
530916260
738521235
823589084
243378278
326300951
873657338
317148217
666508564
311614773
880615822
186102221
801149063
569333460
826742852
313506934
204941751
819256497
939845277
432859057
705025821
950747427
902683495
666616417
366421451
210868749
799134240
657924930
862869793
929404801
345784458
823423724
743328657
31197037
693918331
70101287
555126367
539901835
409810612
896231493
668153106
110693441
187392670
288081191
567488533
4875378
629151250
505405424
821303977
860422644
913791242
295942974
292069886
933855528
743766076
346919992
594533729
412266898
653403566
508662061
721387918
673927375
353364129
960497197
688205258
880604391
227208132
152234707
307817390
700232850
440374768
241212385
415633409
902234351
298209042
967385368
393519180
704779638
22294259
213629502
483418992
616855885
387029901
927208731
89708022
803274816
918655559
182075189
537315603
447949449
733110902
39827890
47185232
606400194
36244450
346471290
415748288
652287554
133081928
283535349
916574622
539695516
854590511
813210277
515601604
680416235
140601499
229075963
496648873
436716783
517297164
852691820
799355776
680498545
880003741
810071785
319362429
978017744
992306620
342721793
627906592
250630856
81587017
682624667
229310992
766304382
731168450
714715665
535595887
330560186
67510851
704477161
425453426
936910902
517282446
565961421
51964682
890991553
667446138
771586232
457679260
432029835
821196088
552802403
923879199
893302149
436211643
928867324
343744737
162391674
531960483
193172656
450420378
697861685
192948560
320057059
29487239
421915613
62663986
700951614
94592658
111806039
156875329
193911642
924853043
345408640
910599607
33931926
483502116
609898634
376706474
327416604
104869732
592392381
878068147
573457107
111144796
319835959
691225562
230406234
528874910
778472015
678325028
215860570
204767001
484057085
368784214
83196766
573911343
669400960
673448747
51283891
507284534
113770857
316095011
504946932
432348186
575452798
332680460
182834252
822408874
934457518
640762022
861846070
74095066
693817134
810303118
678089978
903930439
241068959
255549850
418025123
848856277
849193915
724401926
763482191
981416653
890934375
930710574
501587668
64218235
979328002
977233929
329434930
604982234
742226767
773514825
85155131
487666541
519692372
995624155
854336207
724193693
170159703
369738123
980525774
371502828
790651501
601112202
484199668
476083755
829022398
507882892
368822742
496864005
680926817
40183071
426860514
576432556
387101457
565354753
34901419
484084854
528723846
934135592
848085807
991470824
371446505
67728151
728219338
489418667
259302345
837236388
981363382
324550996
364317442
383027616
932587929
74761873
883718597
728108078
480877098
870129572
704087508
377199428
959749460
751878572
750824874
867555809
179392411
929727674
157638884
92899963
635462496
857902762
465337093
470218928
510999499
662415315
489751341
995571559
478151359
674832704
953658106
188387588
40916015
500663395
728653895
444579349
987634607
427953493
223579165
318331753
852593042
203076262
541559481
377136585
338212398
208415522
856030659
154796535
521559072
618441775
851974144
337809194
931196085
391634591
523729919
771079033
100928281
239571106
302705924
227382700
432853043
506995888
238403864
739136973
396389488
752793830
80219252
6371420
577705869
422553884
525673225
235588542
343102801
397160132
742939908
62199081
336759958
447976703
749938480
988077253
830444244
963863729
527980307
454770370
345602646
444194941
822072684
990970283
152372824
186151532
208884405
251586351
886982237
683733700
622289744
753355415
276159598
495390677
653399308
376915809
703734968
908492312
56675896
524363381
144757374
809835321
419816990
703235862
519889605
411792621
417250754
62577230
596589925
509799870
19138175
292684863
966248680
47520562
76247671
125498894
186195931
363249725
376519043
492095715
875403997
384895617
791166121
71396591
528357580
462078782
76920063
764139105
450194388
871038886
896616293
269789124
379260667
